<?xml version="1.0" encoding="UTF-8"?>
<testsuite xmlns:xsi="http://www.w3.org/2001/XMLSchema-instance" xsi:noNamespaceSchemaLocation="https://maven.apache.org/surefire/maven-surefire-plugin/xsd/surefire-test-report-3.0.xsd" version="3.0" name="TestSuite" time="10.666" tests="7" errors="0" skipped="0" failures="0">
  <properties>
    <property name="sun.desktop" value="windows"/>
    <property name="awt.toolkit" value="sun.awt.windows.WToolkit"/>
    <property name="file.encoding.pkg" value="sun.io"/>
    <property name="java.specification.version" value="1.8"/>
    <property name="sun.cpu.isalist" value="amd64"/>
    <property name="sun.jnu.encoding" value="Cp1252"/>
    <property name="java.class.path" value="C:\Users\Nishant Guleri\eclipse-workspace\HybridFramework\target\test-classes;C:\Users\Nishant Guleri\eclipse-workspace\HybridFramework\target\classes;C:\Users\Nishant Guleri\.m2\repository\commons-io\commons-io\2.9.0\commons-io-2.9.0.jar;C:\Users\Nishant Guleri\.m2\repository\org\seleniumhq\selenium\selenium-java\3.14.0\selenium-java-3.14.0.jar;C:\Users\Nishant Guleri\.m2\repository\org\seleniumhq\selenium\selenium-api\3.14.0\selenium-api-3.14.0.jar;C:\Users\Nishant Guleri\.m2\repository\org\seleniumhq\selenium\selenium-chrome-driver\3.14.0\selenium-chrome-driver-3.14.0.jar;C:\Users\Nishant Guleri\.m2\repository\org\seleniumhq\selenium\selenium-edge-driver\3.14.0\selenium-edge-driver-3.14.0.jar;C:\Users\Nishant Guleri\.m2\repository\org\seleniumhq\selenium\selenium-firefox-driver\3.14.0\selenium-firefox-driver-3.14.0.jar;C:\Users\Nishant Guleri\.m2\repository\org\seleniumhq\selenium\selenium-ie-driver\3.14.0\selenium-ie-driver-3.14.0.jar;C:\Users\Nishant Guleri\.m2\repository\org\seleniumhq\selenium\selenium-opera-driver\3.14.0\selenium-opera-driver-3.14.0.jar;C:\Users\Nishant Guleri\.m2\repository\org\seleniumhq\selenium\selenium-remote-driver\3.14.0\selenium-remote-driver-3.14.0.jar;C:\Users\Nishant Guleri\.m2\repository\org\seleniumhq\selenium\selenium-safari-driver\3.14.0\selenium-safari-driver-3.14.0.jar;C:\Users\Nishant Guleri\.m2\repository\org\seleniumhq\selenium\selenium-support\3.14.0\selenium-support-3.14.0.jar;C:\Users\Nishant Guleri\.m2\repository\net\bytebuddy\byte-buddy\1.8.15\byte-buddy-1.8.15.jar;C:\Users\Nishant Guleri\.m2\repository\org\apache\commons\commons-exec\1.3\commons-exec-1.3.jar;C:\Users\Nishant Guleri\.m2\repository\commons-codec\commons-codec\1.10\commons-codec-1.10.jar;C:\Users\Nishant Guleri\.m2\repository\commons-logging\commons-logging\1.2\commons-logging-1.2.jar;C:\Users\Nishant Guleri\.m2\repository\com\google\guava\guava\25.0-jre\guava-25.0-jre.jar;C:\Users\Nishant Guleri\.m2\repository\com\google\code\findbugs\jsr305\1.3.9\jsr305-1.3.9.jar;C:\Users\Nishant Guleri\.m2\repository\org\checkerframework\checker-compat-qual\2.0.0\checker-compat-qual-2.0.0.jar;C:\Users\Nishant Guleri\.m2\repository\com\google\errorprone\error_prone_annotations\2.1.3\error_prone_annotations-2.1.3.jar;C:\Users\Nishant Guleri\.m2\repository\com\google\j2objc\j2objc-annotations\1.1\j2objc-annotations-1.1.jar;C:\Users\Nishant Guleri\.m2\repository\org\codehaus\mojo\animal-sniffer-annotations\1.14\animal-sniffer-annotations-1.14.jar;C:\Users\Nishant Guleri\.m2\repository\org\apache\httpcomponents\httpclient\4.5.5\httpclient-4.5.5.jar;C:\Users\Nishant Guleri\.m2\repository\org\apache\httpcomponents\httpcore\4.4.9\httpcore-4.4.9.jar;C:\Users\Nishant Guleri\.m2\repository\com\squareup\okhttp3\okhttp\3.10.0\okhttp-3.10.0.jar;C:\Users\Nishant Guleri\.m2\repository\com\squareup\okio\okio\1.14.1\okio-1.14.1.jar;C:\Users\Nishant Guleri\.m2\repository\com\aventstack\extentreports\4.1.7\extentreports-4.1.7.jar;C:\Users\Nishant Guleri\.m2\repository\org\freemarker\freemarker\2.3.29\freemarker-2.3.29.jar;C:\Users\Nishant Guleri\.m2\repository\org\apache\httpcomponents\httpmime\4.5.2\httpmime-4.5.2.jar;C:\Users\Nishant Guleri\.m2\repository\com\google\code\gson\gson\2.8.6\gson-2.8.6.jar;C:\Users\Nishant Guleri\.m2\repository\org\mongodb\mongodb-driver\3.12.0\mongodb-driver-3.12.0.jar;C:\Users\Nishant Guleri\.m2\repository\org\mongodb\mongodb-driver-core\3.12.0\mongodb-driver-core-3.12.0.jar;C:\Users\Nishant Guleri\.m2\repository\org\mongodb\bson\3.12.0\bson-3.12.0.jar;C:\Users\Nishant Guleri\.m2\repository\javax\mail\mail\1.4.7\mail-1.4.7.jar;C:\Users\Nishant Guleri\.m2\repository\javax\activation\activation\1.1.1\activation-1.1.1.jar;C:\Users\Nishant Guleri\.m2\repository\org\testng\testng\7.1.0\testng-7.1.0.jar;C:\Users\Nishant Guleri\.m2\repository\com\beust\jcommander\1.72\jcommander-1.72.jar;C:\Users\Nishant Guleri\.m2\repository\com\google\inject\guice\4.1.0\guice-4.1.0-no_aop.jar;C:\Users\Nishant Guleri\.m2\repository\javax\inject\javax.inject\1\javax.inject-1.jar;C:\Users\Nishant Guleri\.m2\repository\aopalliance\aopalliance\1.0\aopalliance-1.0.jar;C:\Users\Nishant Guleri\.m2\repository\org\yaml\snakeyaml\1.21\snakeyaml-1.21.jar;C:\Users\Nishant Guleri\.m2\repository\org\apache\logging\log4j\log4j-core\2.13.3\log4j-core-2.13.3.jar;C:\Users\Nishant Guleri\.m2\repository\org\apache\logging\log4j\log4j-api\2.13.3\log4j-api-2.13.3.jar;C:\Users\Nishant Guleri\.m2\repository\org\apache\poi\poi\4.1.2\poi-4.1.2.jar;C:\Users\Nishant Guleri\.m2\repository\org\apache\commons\commons-math3\3.6.1\commons-math3-3.6.1.jar;C:\Users\Nishant Guleri\.m2\repository\com\zaxxer\SparseBitSet\1.2\SparseBitSet-1.2.jar;C:\Users\Nishant Guleri\.m2\repository\org\apache\poi\poi-ooxml\4.1.2\poi-ooxml-4.1.2.jar;C:\Users\Nishant Guleri\.m2\repository\org\apache\commons\commons-compress\1.19\commons-compress-1.19.jar;C:\Users\Nishant Guleri\.m2\repository\com\github\virtuald\curvesapi\1.06\curvesapi-1.06.jar;C:\Users\Nishant Guleri\.m2\repository\org\apache\poi\poi-ooxml-schemas\4.1.2\poi-ooxml-schemas-4.1.2.jar;C:\Users\Nishant Guleri\.m2\repository\org\apache\xmlbeans\xmlbeans\3.1.0\xmlbeans-3.1.0.jar;C:\Users\Nishant Guleri\.m2\repository\org\dom4j\dom4j\2.1.1\dom4j-2.1.1.jar;C:\Users\Nishant Guleri\.m2\repository\org\apache\commons\commons-collections4\4.4\commons-collections4-4.4.jar;"/>
    <property name="java.vm.vendor" value="Oracle Corporation"/>
    <property name="sun.arch.data.model" value="64"/>
    <property name="user.variant" value=""/>
    <property name="java.vendor.url" value="http://java.oracle.com/"/>
    <property name="user.timezone" value="Asia/Calcutta"/>
    <property name="java.vm.specification.version" value="1.8"/>
    <property name="os.name" value="Windows 10"/>
    <property name="user.country" value="IN"/>
    <property name="sun.java.launcher" value="SUN_STANDARD"/>
    <property name="sun.boot.library.path" value="C:\Program Files\Java\jdk1.8.0_271\jre\bin"/>
    <property name="sun.java.command" value="C:\Users\Nishant Guleri\AppData\Local\Temp\surefire8361589748530723797\surefirebooter5848376107254711958.jar C:\Users\Nishant Guleri\AppData\Local\Temp\surefire8361589748530723797 2021-05-31T12-50-32_043-jvmRun1 surefire3429650840601583264tmp surefire_07087405620577648563tmp"/>
    <property name="surefire.test.class.path" value="C:\Users\Nishant Guleri\eclipse-workspace\HybridFramework\target\test-classes;C:\Users\Nishant Guleri\eclipse-workspace\HybridFramework\target\classes;C:\Users\Nishant Guleri\.m2\repository\commons-io\commons-io\2.9.0\commons-io-2.9.0.jar;C:\Users\Nishant Guleri\.m2\repository\org\seleniumhq\selenium\selenium-java\3.14.0\selenium-java-3.14.0.jar;C:\Users\Nishant Guleri\.m2\repository\org\seleniumhq\selenium\selenium-api\3.14.0\selenium-api-3.14.0.jar;C:\Users\Nishant Guleri\.m2\repository\org\seleniumhq\selenium\selenium-chrome-driver\3.14.0\selenium-chrome-driver-3.14.0.jar;C:\Users\Nishant Guleri\.m2\repository\org\seleniumhq\selenium\selenium-edge-driver\3.14.0\selenium-edge-driver-3.14.0.jar;C:\Users\Nishant Guleri\.m2\repository\org\seleniumhq\selenium\selenium-firefox-driver\3.14.0\selenium-firefox-driver-3.14.0.jar;C:\Users\Nishant Guleri\.m2\repository\org\seleniumhq\selenium\selenium-ie-driver\3.14.0\selenium-ie-driver-3.14.0.jar;C:\Users\Nishant Guleri\.m2\repository\org\seleniumhq\selenium\selenium-opera-driver\3.14.0\selenium-opera-driver-3.14.0.jar;C:\Users\Nishant Guleri\.m2\repository\org\seleniumhq\selenium\selenium-remote-driver\3.14.0\selenium-remote-driver-3.14.0.jar;C:\Users\Nishant Guleri\.m2\repository\org\seleniumhq\selenium\selenium-safari-driver\3.14.0\selenium-safari-driver-3.14.0.jar;C:\Users\Nishant Guleri\.m2\repository\org\seleniumhq\selenium\selenium-support\3.14.0\selenium-support-3.14.0.jar;C:\Users\Nishant Guleri\.m2\repository\net\bytebuddy\byte-buddy\1.8.15\byte-buddy-1.8.15.jar;C:\Users\Nishant Guleri\.m2\repository\org\apache\commons\commons-exec\1.3\commons-exec-1.3.jar;C:\Users\Nishant Guleri\.m2\repository\commons-codec\commons-codec\1.10\commons-codec-1.10.jar;C:\Users\Nishant Guleri\.m2\repository\commons-logging\commons-logging\1.2\commons-logging-1.2.jar;C:\Users\Nishant Guleri\.m2\repository\com\google\guava\guava\25.0-jre\guava-25.0-jre.jar;C:\Users\Nishant Guleri\.m2\repository\com\google\code\findbugs\jsr305\1.3.9\jsr305-1.3.9.jar;C:\Users\Nishant Guleri\.m2\repository\org\checkerframework\checker-compat-qual\2.0.0\checker-compat-qual-2.0.0.jar;C:\Users\Nishant Guleri\.m2\repository\com\google\errorprone\error_prone_annotations\2.1.3\error_prone_annotations-2.1.3.jar;C:\Users\Nishant Guleri\.m2\repository\com\google\j2objc\j2objc-annotations\1.1\j2objc-annotations-1.1.jar;C:\Users\Nishant Guleri\.m2\repository\org\codehaus\mojo\animal-sniffer-annotations\1.14\animal-sniffer-annotations-1.14.jar;C:\Users\Nishant Guleri\.m2\repository\org\apache\httpcomponents\httpclient\4.5.5\httpclient-4.5.5.jar;C:\Users\Nishant Guleri\.m2\repository\org\apache\httpcomponents\httpcore\4.4.9\httpcore-4.4.9.jar;C:\Users\Nishant Guleri\.m2\repository\com\squareup\okhttp3\okhttp\3.10.0\okhttp-3.10.0.jar;C:\Users\Nishant Guleri\.m2\repository\com\squareup\okio\okio\1.14.1\okio-1.14.1.jar;C:\Users\Nishant Guleri\.m2\repository\com\aventstack\extentreports\4.1.7\extentreports-4.1.7.jar;C:\Users\Nishant Guleri\.m2\repository\org\freemarker\freemarker\2.3.29\freemarker-2.3.29.jar;C:\Users\Nishant Guleri\.m2\repository\org\apache\httpcomponents\httpmime\4.5.2\httpmime-4.5.2.jar;C:\Users\Nishant Guleri\.m2\repository\com\google\code\gson\gson\2.8.6\gson-2.8.6.jar;C:\Users\Nishant Guleri\.m2\repository\org\mongodb\mongodb-driver\3.12.0\mongodb-driver-3.12.0.jar;C:\Users\Nishant Guleri\.m2\repository\org\mongodb\mongodb-driver-core\3.12.0\mongodb-driver-core-3.12.0.jar;C:\Users\Nishant Guleri\.m2\repository\org\mongodb\bson\3.12.0\bson-3.12.0.jar;C:\Users\Nishant Guleri\.m2\repository\javax\mail\mail\1.4.7\mail-1.4.7.jar;C:\Users\Nishant Guleri\.m2\repository\javax\activation\activation\1.1.1\activation-1.1.1.jar;C:\Users\Nishant Guleri\.m2\repository\org\testng\testng\7.1.0\testng-7.1.0.jar;C:\Users\Nishant Guleri\.m2\repository\com\beust\jcommander\1.72\jcommander-1.72.jar;C:\Users\Nishant Guleri\.m2\repository\com\google\inject\guice\4.1.0\guice-4.1.0-no_aop.jar;C:\Users\Nishant Guleri\.m2\repository\javax\inject\javax.inject\1\javax.inject-1.jar;C:\Users\Nishant Guleri\.m2\repository\aopalliance\aopalliance\1.0\aopalliance-1.0.jar;C:\Users\Nishant Guleri\.m2\repository\org\yaml\snakeyaml\1.21\snakeyaml-1.21.jar;C:\Users\Nishant Guleri\.m2\repository\org\apache\logging\log4j\log4j-core\2.13.3\log4j-core-2.13.3.jar;C:\Users\Nishant Guleri\.m2\repository\org\apache\logging\log4j\log4j-api\2.13.3\log4j-api-2.13.3.jar;C:\Users\Nishant Guleri\.m2\repository\org\apache\poi\poi\4.1.2\poi-4.1.2.jar;C:\Users\Nishant Guleri\.m2\repository\org\apache\commons\commons-math3\3.6.1\commons-math3-3.6.1.jar;C:\Users\Nishant Guleri\.m2\repository\com\zaxxer\SparseBitSet\1.2\SparseBitSet-1.2.jar;C:\Users\Nishant Guleri\.m2\repository\org\apache\poi\poi-ooxml\4.1.2\poi-ooxml-4.1.2.jar;C:\Users\Nishant Guleri\.m2\repository\org\apache\commons\commons-compress\1.19\commons-compress-1.19.jar;C:\Users\Nishant Guleri\.m2\repository\com\github\virtuald\curvesapi\1.06\curvesapi-1.06.jar;C:\Users\Nishant Guleri\.m2\repository\org\apache\poi\poi-ooxml-schemas\4.1.2\poi-ooxml-schemas-4.1.2.jar;C:\Users\Nishant Guleri\.m2\repository\org\apache\xmlbeans\xmlbeans\3.1.0\xmlbeans-3.1.0.jar;C:\Users\Nishant Guleri\.m2\repository\org\dom4j\dom4j\2.1.1\dom4j-2.1.1.jar;C:\Users\Nishant Guleri\.m2\repository\org\apache\commons\commons-collections4\4.4\commons-collections4-4.4.jar;"/>
    <property name="sun.cpu.endian" value="little"/>
    <property name="user.home" value="C:\Users\Nishant Guleri"/>
    <property name="user.language" value="en"/>
    <property name="java.specification.vendor" value="Oracle Corporation"/>
    <property name="java.home" value="C:\Program Files\Java\jdk1.8.0_271\jre"/>
    <property name="basedir" value="C:\Users\Nishant Guleri\eclipse-workspace\HybridFramework"/>
    <property name="file.separator" value="\"/>
    <property name="line.separator" value="&#10;"/>
    <property name="java.vm.specification.vendor" value="Oracle Corporation"/>
    <property name="java.specification.name" value="Java Platform API Specification"/>
    <property name="java.awt.graphicsenv" value="sun.awt.Win32GraphicsEnvironment"/>
    <property name="surefire.real.class.path" value="C:\Users\Nishant Guleri\AppData\Local\Temp\surefire8361589748530723797\surefirebooter5848376107254711958.jar"/>
    <property name="sun.boot.class.path" value="C:\Program Files\Java\jdk1.8.0_271\jre\lib\resources.jar;C:\Program Files\Java\jdk1.8.0_271\jre\lib\rt.jar;C:\Program Files\Java\jdk1.8.0_271\jre\lib\sunrsasign.jar;C:\Program Files\Java\jdk1.8.0_271\jre\lib\jsse.jar;C:\Program Files\Java\jdk1.8.0_271\jre\lib\jce.jar;C:\Program Files\Java\jdk1.8.0_271\jre\lib\charsets.jar;C:\Program Files\Java\jdk1.8.0_271\jre\lib\jfr.jar;C:\Program Files\Java\jdk1.8.0_271\jre\classes"/>
    <property name="user.script" value=""/>
    <property name="sun.management.compiler" value="HotSpot 64-Bit Tiered Compilers"/>
    <property name="java.runtime.version" value="1.8.0_271-b09"/>
    <property name="user.name" value="Nishant Guleri"/>
    <property name="path.separator" value=";"/>
    <property name="os.version" value="10.0"/>
    <property name="java.endorsed.dirs" value="C:\Program Files\Java\jdk1.8.0_271\jre\lib\endorsed"/>
    <property name="java.runtime.name" value="Java(TM) SE Runtime Environment"/>
    <property name="file.encoding" value="Cp1252"/>
    <property name="java.vm.name" value="Java HotSpot(TM) 64-Bit Server VM"/>
    <property name="localRepository" value="C:\Users\Nishant Guleri\.m2\repository"/>
    <property name="java.vendor.url.bug" value="http://bugreport.sun.com/bugreport/"/>
    <property name="java.io.tmpdir" value="C:\Users\NISHAN~1\AppData\Local\Temp\"/>
    <property name="java.version" value="1.8.0_271"/>
    <property name="user.dir" value="C:\Users\Nishant Guleri\eclipse-workspace\HybridFramework"/>
    <property name="os.arch" value="amd64"/>
    <property name="webdriver.gecko.driver" value="C:\Users\Nishant Guleri\eclipse-workspace\HybridFramework\src\test\resources\executables\geckodriver.exe"/>
    <property name="java.vm.specification.name" value="Java Virtual Machine Specification"/>
    <property name="java.awt.printerjob" value="sun.awt.windows.WPrinterJob"/>
    <property name="sun.os.patch.level" value=""/>
    <property name="java.library.path" value="C:\Program Files\Java\jdk1.8.0_271\jre\bin;C:\Windows\Sun\Java\bin;C:\Windows\system32;C:\Windows;C:/Users/Nishant Guleri/.p2/pool/plugins/org.eclipse.justj.openjdk.hotspot.jre.full.win32.x86_64_15.0.1.v20201027-0507/jre/bin/server;C:/Users/Nishant Guleri/.p2/pool/plugins/org.eclipse.justj.openjdk.hotspot.jre.full.win32.x86_64_15.0.1.v20201027-0507/jre/bin;C:\Program Files (x86)\Common Files\Oracle\Java\javapath;C:\Program Files (x86)\Intel\iCLS Client\;C:\Program Files\Intel\iCLS Client\;C:\Windows\system32;C:\Windows;C:\Windows\System32\Wbem;C:\Windows\System32\WindowsPowerShell\v1.0\;C:\Windows\System32\OpenSSH\;C:\Program Files (x86)\Intel\Intel(R) Management Engine Components\DAL;C:\Program Files\Intel\Intel(R) Management Engine Components\DAL;C:\Program Files (x86)\Intel\Intel(R) Management Engine Components\IPT;C:\Program Files\Intel\Intel(R) Management Engine Components\IPT;C:\Program Files\Java\jdk1.8.0_271\bin;C:\Program Files\dotnet\;C:\Program Files (x86)\Gpg4win\..\GnuPG\bin;C:\Program Files\Git\cmd;D:\apache-maven-3.5.0\bin;C:\Users\Nishant Guleri\AppData\Local\Microsoft\WindowsApps;C:\Users\Nishant Guleri\.dotnet\tools;C:\Windows\system32;;."/>
    <property name="java.vm.info" value="mixed mode"/>
    <property name="java.vendor" value="Oracle Corporation"/>
    <property name="java.vm.version" value="25.271-b09"/>
    <property name="java.ext.dirs" value="C:\Program Files\Java\jdk1.8.0_271\jre\lib\ext;C:\Windows\Sun\Java\lib\ext"/>
    <property name="sun.io.unicode.encoding" value="UnicodeLittle"/>
    <property name="java.class.version" value="52.0"/>
  </properties>
  <testcase name="loginAsmanagerTest" classname="com.personal.testcases.AddCustomerTest" time="1.377">
    <system-out><![CDATA[12:50:37.767 [main] INFO  com.personal.base.BaseClass - FIREFOX browser opened 'http://www.way2automation.com/angularjs-protractor/banking/#/login' website successfully
12:50:37.787 [main] DEBUG com.personal.base.BaseClass - Implicit wait set to - 4seconds   &  pageload timeout set to - 5seconds
12:50:37.793 [main] DEBUG com.personal.base.BaseClass - window maximized
12:50:37.827 [main] INFO  com.personal.base.BaseClass - EXECUTION OF loginAsmanagerTest HAS BEGUN
12:50:37.827 [main] INFO  com.personal.base.BaseClass - description of testcase:- BANK MANAGER LOGIN - login as bank manager and checking availability of ADD CUSTOMER TAB on screen
12:50:38.830 [main] DEBUG com.personal.base.BaseClass - visibilityOfElementLocated timeout for locator(BankMangLogin_css) set to 10 seconds. locator(BankMangLogin_css) clicked successfully
12:50:38.837 [main] INFO  com.personal.base.BaseClass - ASSERT :- 'Protractor practice website - Banking App' is correct title
12:50:38.845 [main] INFO  com.personal.base.BaseClass - VERIFY :- locator(AddCustomerButton_xpath) is present on page
12:50:38.931 [main] DEBUG com.personal.base.BaseClass - locator(AddCustomerButton_xpath) clicked successfully
12:50:38.937 [main] INFO  com.personal.base.BaseClass - loginAsmanagerTest HAS PASSED
]]></system-out>
    <system-err><![CDATA[1622445633823	geckodriver	INFO	Listening on 127.0.0.1:39674
1622445634511	mozrunner::runner	INFO	Running command: "C:\\Program Files\\Mozilla Firefox\\firefox.exe" "--marionette" "-foreground" "-no-remote" "-profile" "C:\\Users\\NISHAN~1\\AppData\\Local\\Temp\\rust_mozprofileA90OIM"
1622445634963	Marionette	INFO	Marionette enabled
console.warn: SearchSettings: "get: No settings file exists, new profile?" (new Error("", "(unknown module)"))
1622445636998	Marionette	INFO	Listening on port 65394
1622445637147	Marionette	WARN	TLS certificate errors will be ignored for this session
May 31, 2021 12:50:37 PM org.openqa.selenium.remote.ProtocolHandshake createSession
INFO: Detected dialect: W3C
]]></system-err>
  </testcase>
  <testcase name="addMultipleCustomerTest[Shiv, Sahil, 160014](1)" classname="com.personal.testcases.AddCustomerTest" time="0.172">
    <system-out><![CDATA[12:50:39.707 [main] INFO  com.personal.base.BaseClass - EXECUTION OF addMultipleCustomerTest HAS BEGUN
12:50:39.707 [main] INFO  com.personal.base.BaseClass - description of testcase:- BANK MANAGER LOGIN > ADD CUSTOMER TAB - adding multiple customers
12:50:39.736 [main] DEBUG com.personal.base.BaseClass - locator(FirstName_css) filled with value 'Shiv' successfully
12:50:39.761 [main] DEBUG com.personal.base.BaseClass - locator(LastName_css) filled with value 'Sahil' successfully
12:50:39.799 [main] DEBUG com.personal.base.BaseClass - locator(PinCode_css) filled with value '160014' successfully
12:50:39.847 [main] DEBUG com.personal.base.BaseClass - locator(AddCustomer_xpath) clicked successfully
12:50:39.853 [main] INFO  com.personal.base.BaseClass - ASSERT :- text(Customer added successfully with customer id) is present in Alert Box
12:50:39.868 [main] DEBUG com.personal.base.BaseClass -  Action(accept) successfully taken on Alert, present on page
12:50:39.869 [main] INFO  com.personal.base.BaseClass - addMultipleCustomerTest HAS PASSED
]]></system-out>
  </testcase>
  <testcase name="addMultipleCustomerTest[Sahil, Guleri, 3967](2)" classname="com.personal.testcases.AddCustomerTest" time="0.127">
    <system-out><![CDATA[12:50:39.875 [main] INFO  com.personal.base.BaseClass - EXECUTION OF addMultipleCustomerTest HAS BEGUN
12:50:39.875 [main] INFO  com.personal.base.BaseClass - description of testcase:- BANK MANAGER LOGIN > ADD CUSTOMER TAB - adding multiple customers
12:50:39.907 [main] DEBUG com.personal.base.BaseClass - locator(FirstName_css) filled with value 'Sahil' successfully
12:50:39.928 [main] DEBUG com.personal.base.BaseClass - locator(LastName_css) filled with value 'Guleri' successfully
12:50:39.950 [main] DEBUG com.personal.base.BaseClass - locator(PinCode_css) filled with value '3967' successfully
12:50:39.978 [main] DEBUG com.personal.base.BaseClass - locator(AddCustomer_xpath) clicked successfully
12:50:39.983 [main] INFO  com.personal.base.BaseClass - ASSERT :- text(Customer added successfully with customer id) is present in Alert Box
12:50:39.997 [main] DEBUG com.personal.base.BaseClass -  Action(accept) successfully taken on Alert, present on page
12:50:39.998 [main] INFO  com.personal.base.BaseClass - addMultipleCustomerTest HAS PASSED
]]></system-out>
  </testcase>
  <testcase name="addMultipleCustomerTest[No, Cust, 1332](3)" classname="com.personal.testcases.AddCustomerTest" time="0.106">
    <system-out><![CDATA[12:50:40.005 [main] INFO  com.personal.base.BaseClass - EXECUTION OF addMultipleCustomerTest HAS BEGUN
12:50:40.005 [main] INFO  com.personal.base.BaseClass - description of testcase:- BANK MANAGER LOGIN > ADD CUSTOMER TAB - adding multiple customers
12:50:40.023 [main] DEBUG com.personal.base.BaseClass - locator(FirstName_css) filled with value 'No' successfully
12:50:40.043 [main] DEBUG com.personal.base.BaseClass - locator(LastName_css) filled with value 'Cust' successfully
12:50:40.061 [main] DEBUG com.personal.base.BaseClass - locator(PinCode_css) filled with value '1332' successfully
12:50:40.085 [main] DEBUG com.personal.base.BaseClass - locator(AddCustomer_xpath) clicked successfully
12:50:40.092 [main] INFO  com.personal.base.BaseClass - ASSERT :- text(Customer added successfully with customer id) is present in Alert Box
12:50:40.102 [main] DEBUG com.personal.base.BaseClass -  Action(accept) successfully taken on Alert, present on page
12:50:40.103 [main] INFO  com.personal.base.BaseClass - addMultipleCustomerTest HAS PASSED
]]></system-out>
  </testcase>
  <testcase name="openAccountMethod[Sahil Guleri, Pound](1)" classname="com.personal.testcases.OpenAccountTest" time="0.71">
    <system-out><![CDATA[12:50:40.261 [main] DEBUG com.personal.base.BaseClass - locator(OpenAccountTab_xpath) clicked successfully
12:50:40.291 [main] INFO  com.personal.base.BaseClass - EXECUTION OF openAccountMethod HAS BEGUN
12:50:40.291 [main] INFO  com.personal.base.BaseClass - description of testcase:- BANK MANAGER LOGIN > OPEN CUSTOMER TAB - opening multiple customers account
12:50:40.536 [main] DEBUG com.personal.base.BaseClass - option(Sahil Guleri) selected successfully on dropdown(CustomerDropDown_id)
12:50:40.928 [main] DEBUG com.personal.base.BaseClass - option(Pound) selected successfully on dropdown(CurrencyDropDown_id)
12:50:40.965 [main] DEBUG com.personal.base.BaseClass - locator(Submit_css) clicked successfully
12:50:40.980 [main] INFO  com.personal.base.BaseClass - VERIFY :- text(Account created successfully with account Number :) is present in Alert Box
12:50:40.996 [main] DEBUG com.personal.base.BaseClass -  Action(accept) successfully taken on Alert, present on page
12:50:40.997 [main] INFO  com.personal.base.BaseClass - openAccountMethod HAS PASSED
]]></system-out>
  </testcase>
  <testcase name="openAccountMethod[Shiv Sahil, Rupee](2)" classname="com.personal.testcases.OpenAccountTest" time="0.568">
    <system-out><![CDATA[12:50:41.002 [main] INFO  com.personal.base.BaseClass - EXECUTION OF openAccountMethod HAS BEGUN
12:50:41.002 [main] INFO  com.personal.base.BaseClass - description of testcase:- BANK MANAGER LOGIN > OPEN CUSTOMER TAB - opening multiple customers account
12:50:41.235 [main] DEBUG com.personal.base.BaseClass - option(Shiv Sahil) selected successfully on dropdown(CustomerDropDown_id)
12:50:41.473 [main] DEBUG com.personal.base.BaseClass - option(Rupee) selected successfully on dropdown(CurrencyDropDown_id)
12:50:41.520 [main] DEBUG com.personal.base.BaseClass - locator(Submit_css) clicked successfully
12:50:41.540 [main] INFO  com.personal.base.BaseClass - VERIFY :- text(Account created successfully with account Number :) is present in Alert Box
12:50:41.560 [main] DEBUG com.personal.base.BaseClass -  Action(accept) successfully taken on Alert, present on page
12:50:41.560 [main] INFO  com.personal.base.BaseClass - openAccountMethod HAS PASSED
]]></system-out>
  </testcase>
  <testcase name="CustomerLoginMethod" classname="com.personal.testcases.CustomerLoginTest" time="0.97">
    <system-out><![CDATA[12:50:41.589 [main] DEBUG com.personal.base.BaseClass - locator(Hometab_xpath) clicked successfully
12:50:41.614 [main] INFO  com.personal.base.BaseClass - EXECUTION OF CustomerLoginMethod HAS BEGUN
12:50:41.614 [main] INFO  com.personal.base.BaseClass - description of testcase:- CUSTOMER LOGIN - login as customer
12:50:41.733 [main] DEBUG com.personal.base.BaseClass - locator(CustomerLogin_css) clicked successfully
12:50:41.980 [main] DEBUG com.personal.base.BaseClass - option(Shiv Sahil) selected successfully on dropdown(YourNameDropDown_name)
12:50:42.184 [main] DEBUG com.personal.base.BaseClass - elementToBeClickable timeout for locator(LoginBtn_xpath) set to 1 seconds. locator(LoginBtn_xpath) clicked successfully
12:50:42.196 [main] INFO  com.personal.base.BaseClass - ASSERT :- locator(Transaction_css) is present on page
12:50:42.225 [main] DEBUG com.personal.base.BaseClass - locator(LogoutBtn_css) clicked successfully
12:50:42.462 [main] DEBUG com.personal.base.BaseClass - option(No Cust) selected successfully on dropdown(YourNameDropDown_name)
12:50:42.555 [main] DEBUG com.personal.base.BaseClass - elementToBeClickable timeout for locator(LoginBtn_xpath) set to 1 seconds. locator(LoginBtn_xpath) clicked successfully
12:50:42.576 [main] DEBUG com.personal.base.BaseClass - locator(LogoutBtn_css) clicked successfully
12:50:42.577 [main] INFO  com.personal.base.BaseClass - CustomerLoginMethod HAS PASSED
]]></system-out>
  </testcase>
</testsuite>