<?xml version="1.0" encoding="UTF-8"?>
<testsuite xmlns:xsi="http://www.w3.org/2001/XMLSchema-instance" xsi:noNamespaceSchemaLocation="https://maven.apache.org/surefire/maven-surefire-plugin/xsd/surefire-test-report-3.0.xsd" version="3.0" name="TestSuite" time="21.894" tests="7" errors="0" skipped="0" failures="0">
  <properties>
    <property name="sun.desktop" value="windows"/>
    <property name="awt.toolkit" value="sun.awt.windows.WToolkit"/>
    <property name="file.encoding.pkg" value="sun.io"/>
    <property name="java.specification.version" value="1.8"/>
    <property name="sun.cpu.isalist" value="amd64"/>
    <property name="sun.jnu.encoding" value="Cp1252"/>
    <property name="java.class.path" value="C:\Users\Nishant Guleri\eclipse-workspace\HybridFramework\target\test-classes;C:\Users\Nishant Guleri\eclipse-workspace\HybridFramework\target\classes;C:\Users\Nishant Guleri\.m2\repository\commons-io\commons-io\2.9.0\commons-io-2.9.0.jar;C:\Users\Nishant Guleri\.m2\repository\org\seleniumhq\selenium\selenium-java\3.14.0\selenium-java-3.14.0.jar;C:\Users\Nishant Guleri\.m2\repository\org\seleniumhq\selenium\selenium-api\3.14.0\selenium-api-3.14.0.jar;C:\Users\Nishant Guleri\.m2\repository\org\seleniumhq\selenium\selenium-chrome-driver\3.14.0\selenium-chrome-driver-3.14.0.jar;C:\Users\Nishant Guleri\.m2\repository\org\seleniumhq\selenium\selenium-edge-driver\3.14.0\selenium-edge-driver-3.14.0.jar;C:\Users\Nishant Guleri\.m2\repository\org\seleniumhq\selenium\selenium-firefox-driver\3.14.0\selenium-firefox-driver-3.14.0.jar;C:\Users\Nishant Guleri\.m2\repository\org\seleniumhq\selenium\selenium-ie-driver\3.14.0\selenium-ie-driver-3.14.0.jar;C:\Users\Nishant Guleri\.m2\repository\org\seleniumhq\selenium\selenium-opera-driver\3.14.0\selenium-opera-driver-3.14.0.jar;C:\Users\Nishant Guleri\.m2\repository\org\seleniumhq\selenium\selenium-remote-driver\3.14.0\selenium-remote-driver-3.14.0.jar;C:\Users\Nishant Guleri\.m2\repository\org\seleniumhq\selenium\selenium-safari-driver\3.14.0\selenium-safari-driver-3.14.0.jar;C:\Users\Nishant Guleri\.m2\repository\org\seleniumhq\selenium\selenium-support\3.14.0\selenium-support-3.14.0.jar;C:\Users\Nishant Guleri\.m2\repository\net\bytebuddy\byte-buddy\1.8.15\byte-buddy-1.8.15.jar;C:\Users\Nishant Guleri\.m2\repository\org\apache\commons\commons-exec\1.3\commons-exec-1.3.jar;C:\Users\Nishant Guleri\.m2\repository\commons-codec\commons-codec\1.10\commons-codec-1.10.jar;C:\Users\Nishant Guleri\.m2\repository\commons-logging\commons-logging\1.2\commons-logging-1.2.jar;C:\Users\Nishant Guleri\.m2\repository\com\google\guava\guava\25.0-jre\guava-25.0-jre.jar;C:\Users\Nishant Guleri\.m2\repository\com\google\code\findbugs\jsr305\1.3.9\jsr305-1.3.9.jar;C:\Users\Nishant Guleri\.m2\repository\org\checkerframework\checker-compat-qual\2.0.0\checker-compat-qual-2.0.0.jar;C:\Users\Nishant Guleri\.m2\repository\com\google\errorprone\error_prone_annotations\2.1.3\error_prone_annotations-2.1.3.jar;C:\Users\Nishant Guleri\.m2\repository\com\google\j2objc\j2objc-annotations\1.1\j2objc-annotations-1.1.jar;C:\Users\Nishant Guleri\.m2\repository\org\codehaus\mojo\animal-sniffer-annotations\1.14\animal-sniffer-annotations-1.14.jar;C:\Users\Nishant Guleri\.m2\repository\org\apache\httpcomponents\httpclient\4.5.5\httpclient-4.5.5.jar;C:\Users\Nishant Guleri\.m2\repository\org\apache\httpcomponents\httpcore\4.4.9\httpcore-4.4.9.jar;C:\Users\Nishant Guleri\.m2\repository\com\squareup\okhttp3\okhttp\3.10.0\okhttp-3.10.0.jar;C:\Users\Nishant Guleri\.m2\repository\com\squareup\okio\okio\1.14.1\okio-1.14.1.jar;C:\Users\Nishant Guleri\.m2\repository\com\aventstack\extentreports\4.1.7\extentreports-4.1.7.jar;C:\Users\Nishant Guleri\.m2\repository\org\freemarker\freemarker\2.3.29\freemarker-2.3.29.jar;C:\Users\Nishant Guleri\.m2\repository\org\apache\httpcomponents\httpmime\4.5.2\httpmime-4.5.2.jar;C:\Users\Nishant Guleri\.m2\repository\com\google\code\gson\gson\2.8.6\gson-2.8.6.jar;C:\Users\Nishant Guleri\.m2\repository\org\mongodb\mongodb-driver\3.12.0\mongodb-driver-3.12.0.jar;C:\Users\Nishant Guleri\.m2\repository\org\mongodb\mongodb-driver-core\3.12.0\mongodb-driver-core-3.12.0.jar;C:\Users\Nishant Guleri\.m2\repository\org\mongodb\bson\3.12.0\bson-3.12.0.jar;C:\Users\Nishant Guleri\.m2\repository\javax\mail\mail\1.4.7\mail-1.4.7.jar;C:\Users\Nishant Guleri\.m2\repository\javax\activation\activation\1.1.1\activation-1.1.1.jar;C:\Users\Nishant Guleri\.m2\repository\org\testng\testng\7.1.0\testng-7.1.0.jar;C:\Users\Nishant Guleri\.m2\repository\com\beust\jcommander\1.72\jcommander-1.72.jar;C:\Users\Nishant Guleri\.m2\repository\com\google\inject\guice\4.1.0\guice-4.1.0-no_aop.jar;C:\Users\Nishant Guleri\.m2\repository\javax\inject\javax.inject\1\javax.inject-1.jar;C:\Users\Nishant Guleri\.m2\repository\aopalliance\aopalliance\1.0\aopalliance-1.0.jar;C:\Users\Nishant Guleri\.m2\repository\org\yaml\snakeyaml\1.21\snakeyaml-1.21.jar;C:\Users\Nishant Guleri\.m2\repository\org\apache\logging\log4j\log4j-core\2.13.3\log4j-core-2.13.3.jar;C:\Users\Nishant Guleri\.m2\repository\org\apache\logging\log4j\log4j-api\2.13.3\log4j-api-2.13.3.jar;C:\Users\Nishant Guleri\.m2\repository\org\apache\poi\poi\4.1.2\poi-4.1.2.jar;C:\Users\Nishant Guleri\.m2\repository\org\apache\commons\commons-math3\3.6.1\commons-math3-3.6.1.jar;C:\Users\Nishant Guleri\.m2\repository\com\zaxxer\SparseBitSet\1.2\SparseBitSet-1.2.jar;C:\Users\Nishant Guleri\.m2\repository\org\apache\poi\poi-ooxml\4.1.2\poi-ooxml-4.1.2.jar;C:\Users\Nishant Guleri\.m2\repository\org\apache\commons\commons-compress\1.19\commons-compress-1.19.jar;C:\Users\Nishant Guleri\.m2\repository\com\github\virtuald\curvesapi\1.06\curvesapi-1.06.jar;C:\Users\Nishant Guleri\.m2\repository\org\apache\poi\poi-ooxml-schemas\4.1.2\poi-ooxml-schemas-4.1.2.jar;C:\Users\Nishant Guleri\.m2\repository\org\apache\xmlbeans\xmlbeans\3.1.0\xmlbeans-3.1.0.jar;C:\Users\Nishant Guleri\.m2\repository\org\dom4j\dom4j\2.1.1\dom4j-2.1.1.jar;C:\Users\Nishant Guleri\.m2\repository\org\apache\commons\commons-collections4\4.4\commons-collections4-4.4.jar;"/>
    <property name="java.vm.vendor" value="Oracle Corporation"/>
    <property name="sun.arch.data.model" value="64"/>
    <property name="user.variant" value=""/>
    <property name="java.vendor.url" value="http://java.oracle.com/"/>
    <property name="user.timezone" value="Asia/Calcutta"/>
    <property name="java.vm.specification.version" value="1.8"/>
    <property name="os.name" value="Windows 10"/>
    <property name="user.country" value="IN"/>
    <property name="sun.java.launcher" value="SUN_STANDARD"/>
    <property name="sun.boot.library.path" value="C:\Program Files\Java\jdk1.8.0_271\jre\bin"/>
    <property name="sun.java.command" value="C:\Users\Nishant Guleri\AppData\Local\Temp\surefire3051901143390723634\surefirebooter8815279481667622854.jar C:\Users\Nishant Guleri\AppData\Local\Temp\surefire3051901143390723634 2021-06-06T20-46-57_965-jvmRun1 surefire6483676425524307932tmp surefire_0511899358410957563tmp"/>
    <property name="surefire.test.class.path" value="C:\Users\Nishant Guleri\eclipse-workspace\HybridFramework\target\test-classes;C:\Users\Nishant Guleri\eclipse-workspace\HybridFramework\target\classes;C:\Users\Nishant Guleri\.m2\repository\commons-io\commons-io\2.9.0\commons-io-2.9.0.jar;C:\Users\Nishant Guleri\.m2\repository\org\seleniumhq\selenium\selenium-java\3.14.0\selenium-java-3.14.0.jar;C:\Users\Nishant Guleri\.m2\repository\org\seleniumhq\selenium\selenium-api\3.14.0\selenium-api-3.14.0.jar;C:\Users\Nishant Guleri\.m2\repository\org\seleniumhq\selenium\selenium-chrome-driver\3.14.0\selenium-chrome-driver-3.14.0.jar;C:\Users\Nishant Guleri\.m2\repository\org\seleniumhq\selenium\selenium-edge-driver\3.14.0\selenium-edge-driver-3.14.0.jar;C:\Users\Nishant Guleri\.m2\repository\org\seleniumhq\selenium\selenium-firefox-driver\3.14.0\selenium-firefox-driver-3.14.0.jar;C:\Users\Nishant Guleri\.m2\repository\org\seleniumhq\selenium\selenium-ie-driver\3.14.0\selenium-ie-driver-3.14.0.jar;C:\Users\Nishant Guleri\.m2\repository\org\seleniumhq\selenium\selenium-opera-driver\3.14.0\selenium-opera-driver-3.14.0.jar;C:\Users\Nishant Guleri\.m2\repository\org\seleniumhq\selenium\selenium-remote-driver\3.14.0\selenium-remote-driver-3.14.0.jar;C:\Users\Nishant Guleri\.m2\repository\org\seleniumhq\selenium\selenium-safari-driver\3.14.0\selenium-safari-driver-3.14.0.jar;C:\Users\Nishant Guleri\.m2\repository\org\seleniumhq\selenium\selenium-support\3.14.0\selenium-support-3.14.0.jar;C:\Users\Nishant Guleri\.m2\repository\net\bytebuddy\byte-buddy\1.8.15\byte-buddy-1.8.15.jar;C:\Users\Nishant Guleri\.m2\repository\org\apache\commons\commons-exec\1.3\commons-exec-1.3.jar;C:\Users\Nishant Guleri\.m2\repository\commons-codec\commons-codec\1.10\commons-codec-1.10.jar;C:\Users\Nishant Guleri\.m2\repository\commons-logging\commons-logging\1.2\commons-logging-1.2.jar;C:\Users\Nishant Guleri\.m2\repository\com\google\guava\guava\25.0-jre\guava-25.0-jre.jar;C:\Users\Nishant Guleri\.m2\repository\com\google\code\findbugs\jsr305\1.3.9\jsr305-1.3.9.jar;C:\Users\Nishant Guleri\.m2\repository\org\checkerframework\checker-compat-qual\2.0.0\checker-compat-qual-2.0.0.jar;C:\Users\Nishant Guleri\.m2\repository\com\google\errorprone\error_prone_annotations\2.1.3\error_prone_annotations-2.1.3.jar;C:\Users\Nishant Guleri\.m2\repository\com\google\j2objc\j2objc-annotations\1.1\j2objc-annotations-1.1.jar;C:\Users\Nishant Guleri\.m2\repository\org\codehaus\mojo\animal-sniffer-annotations\1.14\animal-sniffer-annotations-1.14.jar;C:\Users\Nishant Guleri\.m2\repository\org\apache\httpcomponents\httpclient\4.5.5\httpclient-4.5.5.jar;C:\Users\Nishant Guleri\.m2\repository\org\apache\httpcomponents\httpcore\4.4.9\httpcore-4.4.9.jar;C:\Users\Nishant Guleri\.m2\repository\com\squareup\okhttp3\okhttp\3.10.0\okhttp-3.10.0.jar;C:\Users\Nishant Guleri\.m2\repository\com\squareup\okio\okio\1.14.1\okio-1.14.1.jar;C:\Users\Nishant Guleri\.m2\repository\com\aventstack\extentreports\4.1.7\extentreports-4.1.7.jar;C:\Users\Nishant Guleri\.m2\repository\org\freemarker\freemarker\2.3.29\freemarker-2.3.29.jar;C:\Users\Nishant Guleri\.m2\repository\org\apache\httpcomponents\httpmime\4.5.2\httpmime-4.5.2.jar;C:\Users\Nishant Guleri\.m2\repository\com\google\code\gson\gson\2.8.6\gson-2.8.6.jar;C:\Users\Nishant Guleri\.m2\repository\org\mongodb\mongodb-driver\3.12.0\mongodb-driver-3.12.0.jar;C:\Users\Nishant Guleri\.m2\repository\org\mongodb\mongodb-driver-core\3.12.0\mongodb-driver-core-3.12.0.jar;C:\Users\Nishant Guleri\.m2\repository\org\mongodb\bson\3.12.0\bson-3.12.0.jar;C:\Users\Nishant Guleri\.m2\repository\javax\mail\mail\1.4.7\mail-1.4.7.jar;C:\Users\Nishant Guleri\.m2\repository\javax\activation\activation\1.1.1\activation-1.1.1.jar;C:\Users\Nishant Guleri\.m2\repository\org\testng\testng\7.1.0\testng-7.1.0.jar;C:\Users\Nishant Guleri\.m2\repository\com\beust\jcommander\1.72\jcommander-1.72.jar;C:\Users\Nishant Guleri\.m2\repository\com\google\inject\guice\4.1.0\guice-4.1.0-no_aop.jar;C:\Users\Nishant Guleri\.m2\repository\javax\inject\javax.inject\1\javax.inject-1.jar;C:\Users\Nishant Guleri\.m2\repository\aopalliance\aopalliance\1.0\aopalliance-1.0.jar;C:\Users\Nishant Guleri\.m2\repository\org\yaml\snakeyaml\1.21\snakeyaml-1.21.jar;C:\Users\Nishant Guleri\.m2\repository\org\apache\logging\log4j\log4j-core\2.13.3\log4j-core-2.13.3.jar;C:\Users\Nishant Guleri\.m2\repository\org\apache\logging\log4j\log4j-api\2.13.3\log4j-api-2.13.3.jar;C:\Users\Nishant Guleri\.m2\repository\org\apache\poi\poi\4.1.2\poi-4.1.2.jar;C:\Users\Nishant Guleri\.m2\repository\org\apache\commons\commons-math3\3.6.1\commons-math3-3.6.1.jar;C:\Users\Nishant Guleri\.m2\repository\com\zaxxer\SparseBitSet\1.2\SparseBitSet-1.2.jar;C:\Users\Nishant Guleri\.m2\repository\org\apache\poi\poi-ooxml\4.1.2\poi-ooxml-4.1.2.jar;C:\Users\Nishant Guleri\.m2\repository\org\apache\commons\commons-compress\1.19\commons-compress-1.19.jar;C:\Users\Nishant Guleri\.m2\repository\com\github\virtuald\curvesapi\1.06\curvesapi-1.06.jar;C:\Users\Nishant Guleri\.m2\repository\org\apache\poi\poi-ooxml-schemas\4.1.2\poi-ooxml-schemas-4.1.2.jar;C:\Users\Nishant Guleri\.m2\repository\org\apache\xmlbeans\xmlbeans\3.1.0\xmlbeans-3.1.0.jar;C:\Users\Nishant Guleri\.m2\repository\org\dom4j\dom4j\2.1.1\dom4j-2.1.1.jar;C:\Users\Nishant Guleri\.m2\repository\org\apache\commons\commons-collections4\4.4\commons-collections4-4.4.jar;"/>
    <property name="sun.cpu.endian" value="little"/>
    <property name="user.home" value="C:\Users\Nishant Guleri"/>
    <property name="user.language" value="en"/>
    <property name="java.specification.vendor" value="Oracle Corporation"/>
    <property name="java.home" value="C:\Program Files\Java\jdk1.8.0_271\jre"/>
    <property name="basedir" value="C:\Users\Nishant Guleri\eclipse-workspace\HybridFramework"/>
    <property name="file.separator" value="\"/>
    <property name="line.separator" value="&#10;"/>
    <property name="java.vm.specification.vendor" value="Oracle Corporation"/>
    <property name="java.specification.name" value="Java Platform API Specification"/>
    <property name="java.awt.graphicsenv" value="sun.awt.Win32GraphicsEnvironment"/>
    <property name="surefire.real.class.path" value="C:\Users\Nishant Guleri\AppData\Local\Temp\surefire3051901143390723634\surefirebooter8815279481667622854.jar"/>
    <property name="sun.boot.class.path" value="C:\Program Files\Java\jdk1.8.0_271\jre\lib\resources.jar;C:\Program Files\Java\jdk1.8.0_271\jre\lib\rt.jar;C:\Program Files\Java\jdk1.8.0_271\jre\lib\sunrsasign.jar;C:\Program Files\Java\jdk1.8.0_271\jre\lib\jsse.jar;C:\Program Files\Java\jdk1.8.0_271\jre\lib\jce.jar;C:\Program Files\Java\jdk1.8.0_271\jre\lib\charsets.jar;C:\Program Files\Java\jdk1.8.0_271\jre\lib\jfr.jar;C:\Program Files\Java\jdk1.8.0_271\jre\classes"/>
    <property name="user.script" value=""/>
    <property name="sun.management.compiler" value="HotSpot 64-Bit Tiered Compilers"/>
    <property name="java.runtime.version" value="1.8.0_271-b09"/>
    <property name="user.name" value="Nishant Guleri"/>
    <property name="path.separator" value=";"/>
    <property name="os.version" value="10.0"/>
    <property name="java.endorsed.dirs" value="C:\Program Files\Java\jdk1.8.0_271\jre\lib\endorsed"/>
    <property name="java.runtime.name" value="Java(TM) SE Runtime Environment"/>
    <property name="file.encoding" value="Cp1252"/>
    <property name="java.vm.name" value="Java HotSpot(TM) 64-Bit Server VM"/>
    <property name="localRepository" value="C:\Users\Nishant Guleri\.m2\repository"/>
    <property name="java.vendor.url.bug" value="http://bugreport.sun.com/bugreport/"/>
    <property name="java.io.tmpdir" value="C:\Users\NISHAN~1\AppData\Local\Temp\"/>
    <property name="java.version" value="1.8.0_271"/>
    <property name="user.dir" value="C:\Users\Nishant Guleri\eclipse-workspace\HybridFramework"/>
    <property name="os.arch" value="amd64"/>
    <property name="webdriver.gecko.driver" value="C:\Users\Nishant Guleri\eclipse-workspace\HybridFramework\src\test\resources\executables\geckodriver.exe"/>
    <property name="java.vm.specification.name" value="Java Virtual Machine Specification"/>
    <property name="java.awt.printerjob" value="sun.awt.windows.WPrinterJob"/>
    <property name="sun.os.patch.level" value=""/>
    <property name="java.library.path" value="C:\Program Files\Java\jdk1.8.0_271\jre\bin;C:\WINDOWS\Sun\Java\bin;C:\WINDOWS\system32;C:\WINDOWS;C:/Users/Nishant Guleri/.p2/pool/plugins/org.eclipse.justj.openjdk.hotspot.jre.full.win32.x86_64_15.0.1.v20201027-0507/jre/bin/server;C:/Users/Nishant Guleri/.p2/pool/plugins/org.eclipse.justj.openjdk.hotspot.jre.full.win32.x86_64_15.0.1.v20201027-0507/jre/bin;C:\Program Files (x86)\Common Files\Oracle\Java\javapath;C:\Program Files (x86)\Intel\iCLS Client\;C:\Program Files\Intel\iCLS Client\;C:\Windows\System32;C:\Windows;C:\Windows\System32\wbem;C:\Windows\System32\WindowsPowerShell\v1.0\;C:\Windows\System32\OpenSSH\;C:\Program Files (x86)\Intel\Intel(R) Management Engine Components\DAL;C:\Program Files\Intel\Intel(R) Management Engine Components\DAL;C:\Program Files (x86)\Intel\Intel(R) Management Engine Components\IPT;C:\Program Files\Intel\Intel(R) Management Engine Components\IPT;C:\Program Files\Java\jdk1.8.0_271\bin;C:\Program Files\dotnet\;C:\Program Files (x86)\GnuPG\bin;C:\Program Files\Git\cmd;D:\apache-maven-3.5.0\bin;C:\Users\Nishant Guleri\AppData\Local\Microsoft\WindowsApps;C:\Users\Nishant Guleri\.dotnet\tools;C:\Windows;;."/>
    <property name="java.vm.info" value="mixed mode"/>
    <property name="java.vendor" value="Oracle Corporation"/>
    <property name="java.vm.version" value="25.271-b09"/>
    <property name="java.ext.dirs" value="C:\Program Files\Java\jdk1.8.0_271\jre\lib\ext;C:\WINDOWS\Sun\Java\lib\ext"/>
    <property name="sun.io.unicode.encoding" value="UnicodeLittle"/>
    <property name="java.class.version" value="52.0"/>
  </properties>
  <testcase name="loginAsmanagerTest" classname="com.personal.testcases.AddCustomerTest" time="2.037">
    <system-out><![CDATA[20:47:09.688 [main] INFO  com.personal.base.BaseClass - FIREFOX browser opened 'http://www.way2automation.com/angularjs-protractor/banking/#/login' website successfully
20:47:09.730 [main] DEBUG com.personal.base.BaseClass - Implicit wait set to - 4seconds   &  pageload timeout set to - 8seconds
20:47:09.746 [main] DEBUG com.personal.base.BaseClass - window maximized
20:47:09.769 [main] INFO  com.personal.base.BaseClass - EXECUTION OF loginAsmanagerTest HAS BEGUN
20:47:09.770 [main] INFO  com.personal.base.BaseClass - description of testcase:- BANK MANAGER LOGIN - login as bank manager and checking availability of ADD CUSTOMER TAB on screen
20:47:11.245 [main] DEBUG com.personal.base.BaseClass - visibilityOfElementLocated timeout for locator(BankMangLogin_css) set to 10 seconds. locator(BankMangLogin_css) clicked successfully
20:47:11.252 [main] INFO  com.personal.base.BaseClass - ASSERT :- 'Protractor practice website - Banking App' is correct title
20:47:11.281 [main] INFO  com.personal.base.BaseClass - VERIFY :- locator(AddCustomerButton_xpath) is present on page
20:47:11.405 [main] DEBUG com.personal.base.BaseClass - locator(AddCustomerButton_xpath) clicked successfully
20:47:11.408 [main] INFO  com.personal.base.BaseClass - loginAsmanagerTest HAS PASSED
]]></system-out>
    <system-err><![CDATA[1622992621291	geckodriver	INFO	Listening on 127.0.0.1:13262
1622992622076	mozrunner::runner	INFO	Running command: "C:\\Program Files\\Mozilla Firefox\\firefox.exe" "--marionette" "-foreground" "-no-remote" "-profile" "C:\\Users\\NISHAN~1\\AppData\\Local\\Temp\\rust_mozprofileIo72NY"
1622992623810	Marionette	INFO	Marionette enabled
console.warn: SearchSettings: "get: No settings file exists, new profile?" (new NotFoundError("Could not open the file at C:\\Users\\Nishant Guleri\\AppData\\Local\\Temp\\rust_mozprofileIo72NY\\search.json.mozlz4", (void 0)))
1622992628070	Marionette	INFO	Listening on port 63777
[Parent 7496, IPC I/O Parent] WARNING: file /builds/worker/checkouts/gecko/ipc/chromium/src/base/process_util_win.cc:167
1622992628567	Marionette	WARN	TLS certificate errors will be ignored for this session
Jun 06, 2021 8:47:08 PM org.openqa.selenium.remote.ProtocolHandshake createSession
INFO: Detected dialect: W3C
]]></system-err>
  </testcase>
  <testcase name="addMultipleCustomerTest[Shiv, Sahil, 160014](1)" classname="com.personal.testcases.AddCustomerTest" time="0.361">
    <system-out><![CDATA[20:47:12.917 [main] INFO  com.personal.base.BaseClass - EXECUTION OF addMultipleCustomerTest HAS BEGUN
20:47:12.917 [main] INFO  com.personal.base.BaseClass - description of testcase:- BANK MANAGER LOGIN > ADD CUSTOMER TAB - adding multiple customers
20:47:12.982 [main] DEBUG com.personal.base.BaseClass - locator(FirstName_css) filled with value 'Shiv' successfully
20:47:13.027 [main] DEBUG com.personal.base.BaseClass - locator(LastName_css) filled with value 'Sahil' successfully
20:47:13.057 [main] DEBUG com.personal.base.BaseClass - locator(PinCode_css) filled with value '160014' successfully
20:47:13.204 [main] DEBUG com.personal.base.BaseClass - locator(AddCustomer_xpath) clicked successfully
20:47:13.230 [main] ERROR com.personal.base.BaseClass - ASSERT :- text(1111111111111111) is NOT present in Alert Box .
 Message in AlertBox is Customer added successfully with customer id :6
20:47:13.265 [main] DEBUG com.personal.base.BaseClass -  Action(accept) successfully taken on Alert, present on page
20:47:13.266 [main] INFO  com.personal.base.BaseClass - addMultipleCustomerTest HAS PASSED
]]></system-out>
  </testcase>
  <testcase name="addMultipleCustomerTest[Sahil, Guleri, 3967](2)" classname="com.personal.testcases.AddCustomerTest" time="1.118">
    <system-out><![CDATA[20:47:13.275 [main] INFO  com.personal.base.BaseClass - EXECUTION OF addMultipleCustomerTest HAS BEGUN
20:47:13.275 [main] INFO  com.personal.base.BaseClass - description of testcase:- BANK MANAGER LOGIN > ADD CUSTOMER TAB - adding multiple customers
20:47:13.422 [main] DEBUG com.personal.base.BaseClass - locator(FirstName_css) filled with value 'Sahil' successfully
20:47:13.594 [main] DEBUG com.personal.base.BaseClass - locator(LastName_css) filled with value 'Guleri' successfully
20:47:13.728 [main] DEBUG com.personal.base.BaseClass - locator(PinCode_css) filled with value '3967' successfully
20:47:13.918 [main] DEBUG com.personal.base.BaseClass - locator(AddCustomer_xpath) clicked successfully
20:47:14.281 [main] ERROR com.personal.base.BaseClass - ASSERT :- text(1111111111111111) is NOT present in Alert Box .
 Message in AlertBox is Customer added successfully with customer id :7
20:47:14.383 [main] DEBUG com.personal.base.BaseClass -  Action(accept) successfully taken on Alert, present on page
20:47:14.384 [main] INFO  com.personal.base.BaseClass - addMultipleCustomerTest HAS PASSED
]]></system-out>
    <system-err><![CDATA[1622992633533	Marionette	WARN	Ignoring event 'DOMContentLoaded' because document has an invalid readyState of 'complete'.
]]></system-err>
  </testcase>
  <testcase name="addMultipleCustomerTest[No, Cust, 1332](3)" classname="com.personal.testcases.AddCustomerTest" time="1.373">
    <system-out><![CDATA[20:47:14.395 [main] INFO  com.personal.base.BaseClass - EXECUTION OF addMultipleCustomerTest HAS BEGUN
20:47:14.395 [main] INFO  com.personal.base.BaseClass - description of testcase:- BANK MANAGER LOGIN > ADD CUSTOMER TAB - adding multiple customers
20:47:14.726 [main] DEBUG com.personal.base.BaseClass - locator(FirstName_css) filled with value 'No' successfully
20:47:14.924 [main] DEBUG com.personal.base.BaseClass - locator(LastName_css) filled with value 'Cust' successfully
20:47:15.044 [main] DEBUG com.personal.base.BaseClass - locator(PinCode_css) filled with value '1332' successfully
20:47:15.433 [main] DEBUG com.personal.base.BaseClass - locator(AddCustomer_xpath) clicked successfully
20:47:15.516 [main] ERROR com.personal.base.BaseClass - ASSERT :- text(1111111111111111) is NOT present in Alert Box .
 Message in AlertBox is Customer added successfully with customer id :8
20:47:15.747 [main] DEBUG com.personal.base.BaseClass -  Action(accept) successfully taken on Alert, present on page
20:47:15.748 [main] INFO  com.personal.base.BaseClass - addMultipleCustomerTest HAS PASSED
]]></system-out>
    <system-err><![CDATA[1622992634412	Marionette	WARN	TimedPromise timed out after 500 ms: stacktrace:
TimedPromise/<@chrome://marionette/content/sync.js:237:19
TimedPromise@chrome://marionette/content/sync.js:222:10
interaction.flushEventLoop@chrome://marionette/content/interaction.js:431:10
webdriverClickElement@chrome://marionette/content/interaction.js:179:31
]]></system-err>
  </testcase>
  <testcase name="openAccountMethod[Sahil Guleri, Pound](1)" classname="com.personal.testcases.OpenAccountTest" time="1.192">
    <system-out><![CDATA[20:47:16.078 [main] DEBUG com.personal.base.BaseClass - locator(OpenAccountTab_xpath) clicked successfully
20:47:16.106 [main] INFO  com.personal.base.BaseClass - EXECUTION OF openAccountMethod HAS BEGUN
20:47:16.106 [main] INFO  com.personal.base.BaseClass - description of testcase:- BANK MANAGER LOGIN > OPEN CUSTOMER TAB - opening multiple customers account
20:47:16.548 [main] DEBUG com.personal.base.BaseClass - option(Sahil Guleri) selected successfully on dropdown(CustomerDropDown_id)
20:47:17.043 [main] DEBUG com.personal.base.BaseClass - option(Pound) selected successfully on dropdown(CurrencyDropDown_id)
20:47:17.166 [main] DEBUG com.personal.base.BaseClass - locator(Submit_css) clicked successfully
20:47:17.187 [main] INFO  com.personal.base.BaseClass - VERIFY :- text(Account created successfully with account Number :) is present in Alert Box
20:47:17.264 [main] DEBUG com.personal.base.BaseClass -  Action(accept) successfully taken on Alert, present on page
20:47:17.264 [main] INFO  com.personal.base.BaseClass - openAccountMethod HAS PASSED
]]></system-out>
  </testcase>
  <testcase name="openAccountMethod[Shiv Sahil, Rupee](2)" classname="com.personal.testcases.OpenAccountTest" time="1.591">
    <system-out><![CDATA[20:47:17.296 [main] INFO  com.personal.base.BaseClass - EXECUTION OF openAccountMethod HAS BEGUN
20:47:17.296 [main] INFO  com.personal.base.BaseClass - description of testcase:- BANK MANAGER LOGIN > OPEN CUSTOMER TAB - opening multiple customers account
20:47:17.747 [main] DEBUG com.personal.base.BaseClass - option(Shiv Sahil) selected successfully on dropdown(CustomerDropDown_id)
20:47:18.802 [main] DEBUG com.personal.base.BaseClass - option(Rupee) selected successfully on dropdown(CurrencyDropDown_id)
20:47:18.845 [main] DEBUG com.personal.base.BaseClass - locator(Submit_css) clicked successfully
20:47:18.858 [main] INFO  com.personal.base.BaseClass - VERIFY :- text(Account created successfully with account Number :) is present in Alert Box
20:47:18.875 [main] DEBUG com.personal.base.BaseClass -  Action(accept) successfully taken on Alert, present on page
20:47:18.876 [main] INFO  com.personal.base.BaseClass - openAccountMethod HAS PASSED
]]></system-out>
  </testcase>
  <testcase name="CustomerLoginMethod" classname="com.personal.testcases.CustomerLoginTest" time="1.318">
    <system-out><![CDATA[20:47:18.928 [main] DEBUG com.personal.base.BaseClass - locator(Hometab_xpath) clicked successfully
20:47:18.967 [main] INFO  com.personal.base.BaseClass - EXECUTION OF CustomerLoginMethod HAS BEGUN
20:47:18.967 [main] INFO  com.personal.base.BaseClass - description of testcase:- CUSTOMER LOGIN - login as customer
20:47:19.134 [main] DEBUG com.personal.base.BaseClass - locator(CustomerLogin_css) clicked successfully
20:47:19.413 [main] DEBUG com.personal.base.BaseClass - option(Shiv Sahil) selected successfully on dropdown(YourNameDropDown_name)
20:47:19.737 [main] DEBUG com.personal.base.BaseClass - elementToBeClickable timeout for locator(LoginBtn_xpath) set to 1 seconds. locator(LoginBtn_xpath) clicked successfully
20:47:19.757 [main] INFO  com.personal.base.BaseClass - ASSERT :- locator(Transaction_css) is present on page
20:47:19.809 [main] DEBUG com.personal.base.BaseClass - locator(LogoutBtn_css) clicked successfully
20:47:20.096 [main] DEBUG com.personal.base.BaseClass - option(No Cust) selected successfully on dropdown(YourNameDropDown_name)
20:47:20.228 [main] DEBUG com.personal.base.BaseClass - elementToBeClickable timeout for locator(LoginBtn_xpath) set to 1 seconds. locator(LoginBtn_xpath) clicked successfully
20:47:20.272 [main] DEBUG com.personal.base.BaseClass - locator(LogoutBtn_css) clicked successfully
20:47:20.273 [main] INFO  com.personal.base.BaseClass - CustomerLoginMethod HAS PASSED
]]></system-out>
  </testcase>
</testsuite>