<?xml version="1.0" encoding="UTF-8"?>
<!-- Generated by org.testng.reporters.JUnitReportReporter -->
<testsuite skipped="0" hostname="DESKTOP-IC0JENF" name="com.personal.testcases.AddCustomer" tests="4" failures="0" timestamp="28 May 2021 05:14:05 GMT" time="1.536" errors="0">
  <testcase name="addMultipleCustomerTest" time="0.125" classname="com.personal.testcases.AddCustomer"/>
  <testcase name="addMultipleCustomerTest" time="0.167" classname="com.personal.testcases.AddCustomer"/>
  <testcase name="loginAsmanagerTest" time="1.148" classname="com.personal.testcases.AddCustomer"/>
  <testcase name="addMultipleCustomerTest" time="0.096" classname="com.personal.testcases.AddCustomer"/>
</testsuite> <!-- com.personal.testcases.AddCustomer -->
