<?xml version="1.0" encoding="UTF-8"?>
<!-- Generated by org.testng.reporters.JUnitReportReporter -->
<testsuite skipped="0" hostname="DESKTOP-IC0JENF" name="com.personal.testcases.OpenAccountTest" tests="2" failures="0" timestamp="29 May 2021 05:53:14 GMT" time="9.230" errors="0">
  <testcase name="openAccountMethod" time="4.627" classname="com.personal.testcases.OpenAccountTest"/>
  <testcase name="openAccountMethod" time="4.603" classname="com.personal.testcases.OpenAccountTest"/>
</testsuite> <!-- com.personal.testcases.OpenAccountTest -->
