<?xml version="1.0" encoding="UTF-8"?>
<!-- Generated by org.testng.reporters.JUnitReportReporter -->
<testsuite skipped="2" hostname="DESKTOP-IC0JENF" name="com.personal.testcases.OpenAccountTest" tests="2" failures="0" timestamp="2021-06-11T11:13:15 IST" time="0.000" errors="0">
  <testcase name="openAccountMethod" time="0.000" classname="com.personal.testcases.OpenAccountTest">
    <skipped/>
  </testcase> <!-- openAccountMethod -->
  <system-out/>
  <testcase name="openAccountMethod" time="0.000" classname="com.personal.testcases.OpenAccountTest">
    <skipped/>
  </testcase> <!-- openAccountMethod -->
  <system-out/>
</testsuite> <!-- com.personal.testcases.OpenAccountTest -->
