<?xml version="1.0" encoding="UTF-8"?>
<!-- Generated by org.testng.reporters.JUnitReportReporter -->
<testsuite skipped="0" hostname="DESKTOP-IC0JENF" name="com.personal.testcases.OpenAccountTest" tests="2" failures="0" timestamp="2021-05-29T17:42:50 IST" time="1.118" errors="0">
  <testcase name="openAccountMethod" time="0.586" classname="com.personal.testcases.OpenAccountTest"/>
  <system-out/>
  <testcase name="openAccountMethod" time="0.532" classname="com.personal.testcases.OpenAccountTest"/>
  <system-out/>
</testsuite> <!-- com.personal.testcases.OpenAccountTest -->
