<?xml version="1.0" encoding="UTF-8"?>
<!-- Generated by org.testng.reporters.JUnitReportReporter -->
<testsuite skipped="1" hostname="DESKTOP-IC0JENF" name="com.personal.testcases.CustomerLoginTest" tests="1" failures="0" timestamp="2021-06-11T23:03:33 IST" time="0.000" errors="0">
  <testcase name="customerLoginMethod" time="0.000" classname="com.personal.testcases.CustomerLoginTest">
    <skipped/>
  </testcase> <!-- customerLoginMethod -->
  <system-out/>
</testsuite> <!-- com.personal.testcases.CustomerLoginTest -->
