<?xml version="1.0" encoding="UTF-8"?>
<!-- Generated by org.testng.reporters.JUnitReportReporter -->
<testsuite skipped="0" hostname="DESKTOP-IC0JENF" name="com.personal.testcases.AddCustomer" tests="4" failures="0" timestamp="28 May 2021 05:57:40 GMT" time="1.629" errors="0">
  <testcase name="addMultipleCustomerTest" time="0.202" classname="com.personal.testcases.AddCustomer"/>
  <testcase name="loginAsmanagerTest" time="1.120" classname="com.personal.testcases.AddCustomer"/>
  <testcase name="addMultipleCustomerTest" time="0.176" classname="com.personal.testcases.AddCustomer"/>
  <testcase name="addMultipleCustomerTest" time="0.131" classname="com.personal.testcases.AddCustomer"/>
</testsuite> <!-- com.personal.testcases.AddCustomer -->
