<?xml version="1.0" encoding="UTF-8"?>
<!-- Generated by org.testng.reporters.JUnitReportReporter -->
<testsuite skipped="0" hostname="DESKTOP-IC0JENF" name="com.personal.testcases.OpenAccountTest" tests="2" failures="0" timestamp="2021-05-30T16:33:35 IST" time="1.060" errors="0">
  <testcase name="openAccountMethod" time="0.529" classname="com.personal.testcases.OpenAccountTest"/>
  <system-out/>
  <testcase name="openAccountMethod" time="0.531" classname="com.personal.testcases.OpenAccountTest"/>
  <system-out/>
</testsuite> <!-- com.personal.testcases.OpenAccountTest -->
