<?xml version="1.0" encoding="UTF-8"?>
<!-- Generated by org.testng.reporters.JUnitReportReporter -->
<testsuite skipped="0" hostname="DESKTOP-IC0JENF" name="com.personal.testcases.AddCustomer" tests="4" failures="0" timestamp="27 May 2021 11:02:54 GMT" time="16.749" errors="0">
  <testcase name="loginAsmanagerTest" time="4.321" classname="com.personal.testcases.AddCustomer"/>
  <testcase name="addMultipleCustomerTest" time="4.127" classname="com.personal.testcases.AddCustomer"/>
  <testcase name="addMultipleCustomerTest" time="4.165" classname="com.personal.testcases.AddCustomer"/>
  <testcase name="addMultipleCustomerTest" time="4.136" classname="com.personal.testcases.AddCustomer"/>
</testsuite> <!-- com.personal.testcases.AddCustomer -->
