<?xml version="1.0" encoding="UTF-8"?>
<!-- Generated by org.testng.reporters.JUnitReportReporter -->
<testsuite skipped="1" hostname="DESKTOP-IC0JENF" name="com.personal.testcases.OpenAccountTest" tests="1" failures="0" timestamp="2021-05-30T16:43:52 IST" time="0.000" errors="0">
  <testcase name="openAccountMethod" time="0.000" classname="com.personal.testcases.OpenAccountTest">
    <skipped/>
  </testcase> <!-- openAccountMethod -->
  <system-out/>
</testsuite> <!-- com.personal.testcases.OpenAccountTest -->
