<?xml version="1.0" encoding="UTF-8"?>
<!-- Generated by org.testng.reporters.JUnitReportReporter -->
<testsuite skipped="0" hostname="DESKTOP-IC0JENF" name="com.personal.rough.RoughWork" tests="1" failures="0" timestamp="26 May 2021 06:59:36 GMT" time="1.806" errors="0">
  <testcase name="method1" time="1.806" classname="com.personal.rough.RoughWork"/>
</testsuite> <!-- com.personal.rough.RoughWork -->
