<?xml version="1.0" encoding="UTF-8"?>
<!-- Generated by org.testng.reporters.JUnitReportReporter -->
<testsuite skipped="0" hostname="DESKTOP-IC0JENF" name="com.personal.testcases.AddCustomerTest" tests="4" failures="0" timestamp="29 May 2021 05:53:14 GMT" time="8.073" errors="0">
  <testcase name="loginAsmanagerTest" time="1.574" classname="com.personal.testcases.AddCustomerTest"/>
  <testcase name="addMultipleCustomerTest" time="2.156" classname="com.personal.testcases.AddCustomerTest"/>
  <testcase name="addMultipleCustomerTest" time="2.189" classname="com.personal.testcases.AddCustomerTest"/>
  <testcase name="addMultipleCustomerTest" time="2.154" classname="com.personal.testcases.AddCustomerTest"/>
</testsuite> <!-- com.personal.testcases.AddCustomerTest -->
