<?xml version="1.0" encoding="UTF-8"?>
<!-- Generated by org.testng.reporters.JUnitReportReporter -->
<testsuite skipped="0" hostname="DESKTOP-IC0JENF" name="com.personal.testcases.CustomerLoginTest" tests="1" failures="0" timestamp="2021-05-31T10:51:04 IST" time="0.945" errors="0">
  <testcase name="CustomerLoginMethod" time="0.945" classname="com.personal.testcases.CustomerLoginTest"/>
  <system-out/>
</testsuite> <!-- com.personal.testcases.CustomerLoginTest -->
