<?xml version="1.0" encoding="UTF-8"?>
<!-- Generated by org.testng.reporters.JUnitReportReporter -->
<testsuite skipped="3" hostname="DESKTOP-IC0JENF" name="com.personal.testcases.AddCustomerTest" tests="7" failures="3" timestamp="2021-06-08T17:02:29 IST" time="1.320" errors="0">
  <testcase name="loginAsmanagerTest" time="1.206" classname="com.personal.testcases.AddCustomerTest"/>
  <system-out/>
  <testcase name="addMultipleCustomerTest" time="0.021" classname="com.personal.testcases.AddCustomerTest">
    <skipped/>
  </testcase> <!-- addMultipleCustomerTest -->
  <system-out/>
  <testcase name="addMultipleCustomerTest" time="0.011" classname="com.personal.testcases.AddCustomerTest">
    <failure type="java.lang.AssertionError" message="locator(FirstName_css) can&#039;t filled with value &#039;Shiv&#039; as locator is NOT present on page.
 
 Error msg is :-   org.openqa.selenium.InvalidSelectorException: Given css selector expression &quot;input[placeholder=&#039;First Name&#039;]11111111111111111111111111111111&quot; is invalid: InvalidSelectorError: Document.querySelector: &#039;input[placeholder=&#039;First Name&#039;]11111111111111111111111111111111&#039; is not a valid selector: &quot;input[placeholder=&#039;First Name&#039;]11111111111111111111111111111111&quot;
For documentation on this error, please visit: http://seleniumhq.org/exceptions/invalid_selector_exception.html
Build info: version: &#039;3.14.0&#039;, revision: &#039;aacccce0&#039;, time: &#039;2018-08-02T20:19:58.91Z&#039;
System info: host: &#039;DESKTOP-IC0JENF&#039;, ip: &#039;172.16.18.8&#039;, os.name: &#039;Windows 10&#039;, os.arch: &#039;amd64&#039;, os.version: &#039;10.0&#039;, java.version: &#039;1.8.0_271&#039;
Driver info: org.openqa.selenium.firefox.FirefoxDriver
Capabilities {acceptInsecureCerts: true, browserName: firefox, browserVersion: 89.0, javascriptEnabled: true, moz:accessibilityChecks: false, moz:buildID: 20210527174632, moz:geckodriverVersion: 0.29.1, moz:headless: false, moz:processID: 7700, moz:profile: C:\Users\Nishant Guleri\App..., moz:shutdownTimeout: 60000, moz:useNonSpecCompliantPointerOrigin: false, moz:webdriverClick: true, pageLoadStrategy: normal, platform: WINDOWS, platformName: WINDOWS, platformVersion: 10.0, setWindowRect: true, strictFileInteractability: false, timeouts: {implicit: 0, pageLoad: 300000, script: 30000}, unhandledPromptBehavior: dismiss and notify}
Session ID: 99f0c30d-70b0-45a7-8aab-3db32a616f61
*** Element info: {Using=css selector, value=input[placeholder=&#039;First Name&#039;]11111111111111111111111111111111}">
      <![CDATA[java.lang.AssertionError: locator(FirstName_css) can't filled with value 'Shiv' as locator is NOT present on page.
 
 Error msg is :-   org.openqa.selenium.InvalidSelectorException: Given css selector expression "input[placeholder='First Name']11111111111111111111111111111111" is invalid: InvalidSelectorError: Document.querySelector: 'input[placeholder='First Name']11111111111111111111111111111111' is not a valid selector: "input[placeholder='First Name']11111111111111111111111111111111"
For documentation on this error, please visit: http://seleniumhq.org/exceptions/invalid_selector_exception.html
Build info: version: '3.14.0', revision: 'aacccce0', time: '2018-08-02T20:19:58.91Z'
System info: host: 'DESKTOP-IC0JENF', ip: '172.16.18.8', os.name: 'Windows 10', os.arch: 'amd64', os.version: '10.0', java.version: '1.8.0_271'
Driver info: org.openqa.selenium.firefox.FirefoxDriver
Capabilities {acceptInsecureCerts: true, browserName: firefox, browserVersion: 89.0, javascriptEnabled: true, moz:accessibilityChecks: false, moz:buildID: 20210527174632, moz:geckodriverVersion: 0.29.1, moz:headless: false, moz:processID: 7700, moz:profile: C:\Users\Nishant Guleri\App..., moz:shutdownTimeout: 60000, moz:useNonSpecCompliantPointerOrigin: false, moz:webdriverClick: true, pageLoadStrategy: normal, platform: WINDOWS, platformName: WINDOWS, platformVersion: 10.0, setWindowRect: true, strictFileInteractability: false, timeouts: {implicit: 0, pageLoad: 300000, script: 30000}, unhandledPromptBehavior: dismiss and notify}
Session ID: 99f0c30d-70b0-45a7-8aab-3db32a616f61
*** Element info: {Using=css selector, value=input[placeholder='First Name']11111111111111111111111111111111}
at org.testng.Assert.fail(Assert.java:97)
at com.personal.base.Locators.failmsg(Locators.java:138)
at com.personal.base.Locators.locator(Locators.java:66)
at com.personal.base.BaseClass.type(BaseClass.java:149)
at com.personal.testcases.AddCustomerTest.addMultipleCustomerTest(AddCustomerTest.java:29)
at sun.reflect.NativeMethodAccessorImpl.invoke0(Native Method)
at sun.reflect.NativeMethodAccessorImpl.invoke(NativeMethodAccessorImpl.java:62)
at sun.reflect.DelegatingMethodAccessorImpl.invoke(DelegatingMethodAccessorImpl.java:43)
at java.lang.reflect.Method.invoke(Method.java:498)
at org.testng.internal.MethodInvocationHelper.invokeMethod(MethodInvocationHelper.java:134)
at org.testng.internal.TestInvoker.invokeMethod(TestInvoker.java:597)
at org.testng.internal.TestInvoker.retryFailed(TestInvoker.java:213)
at org.testng.internal.MethodRunner.runInSequence(MethodRunner.java:58)
at org.testng.internal.TestInvoker$MethodInvocationAgent.invoke(TestInvoker.java:816)
at org.testng.internal.TestInvoker.invokeTestMethods(TestInvoker.java:146)
at org.testng.internal.TestMethodWorker.invokeTestMethods(TestMethodWorker.java:146)
at org.testng.internal.TestMethodWorker.run(TestMethodWorker.java:128)
at java.util.ArrayList.forEach(ArrayList.java:1259)
at org.testng.TestRunner.privateRun(TestRunner.java:766)
at org.testng.TestRunner.run(TestRunner.java:587)
at org.testng.SuiteRunner.runTest(SuiteRunner.java:384)
at org.testng.SuiteRunner.runSequentially(SuiteRunner.java:378)
at org.testng.SuiteRunner.privateRun(SuiteRunner.java:337)
at org.testng.SuiteRunner.run(SuiteRunner.java:286)
at org.testng.SuiteRunnerWorker.runSuite(SuiteRunnerWorker.java:53)
at org.testng.SuiteRunnerWorker.run(SuiteRunnerWorker.java:96)
at org.testng.TestNG.runSuitesSequentially(TestNG.java:1187)
at org.testng.TestNG.runSuitesLocally(TestNG.java:1109)
at org.testng.TestNG.runSuites(TestNG.java:1039)
at org.testng.TestNG.run(TestNG.java:1007)
at org.testng.remote.AbstractRemoteTestNG.run(AbstractRemoteTestNG.java:115)
at org.testng.remote.RemoteTestNG.initAndRun(RemoteTestNG.java:251)
at org.testng.remote.RemoteTestNG.main(RemoteTestNG.java:77)
]]>
    </failure>
  </testcase> <!-- addMultipleCustomerTest -->
  <system-out/>
  <testcase name="addMultipleCustomerTest" time="0.021" classname="com.personal.testcases.AddCustomerTest">
    <skipped/>
  </testcase> <!-- addMultipleCustomerTest -->
  <system-out/>
  <testcase name="addMultipleCustomerTest" time="0.025" classname="com.personal.testcases.AddCustomerTest">
    <skipped/>
  </testcase> <!-- addMultipleCustomerTest -->
  <system-out/>
  <testcase name="addMultipleCustomerTest" time="0.022" classname="com.personal.testcases.AddCustomerTest">
    <failure type="java.lang.AssertionError" message="locator(FirstName_css) can&#039;t filled with value &#039;Sahil&#039; as locator is NOT present on page.
 
 Error msg is :-   org.openqa.selenium.InvalidSelectorException: Given css selector expression &quot;input[placeholder=&#039;First Name&#039;]11111111111111111111111111111111&quot; is invalid: InvalidSelectorError: Document.querySelector: &#039;input[placeholder=&#039;First Name&#039;]11111111111111111111111111111111&#039; is not a valid selector: &quot;input[placeholder=&#039;First Name&#039;]11111111111111111111111111111111&quot;
For documentation on this error, please visit: http://seleniumhq.org/exceptions/invalid_selector_exception.html
Build info: version: &#039;3.14.0&#039;, revision: &#039;aacccce0&#039;, time: &#039;2018-08-02T20:19:58.91Z&#039;
System info: host: &#039;DESKTOP-IC0JENF&#039;, ip: &#039;172.16.18.8&#039;, os.name: &#039;Windows 10&#039;, os.arch: &#039;amd64&#039;, os.version: &#039;10.0&#039;, java.version: &#039;1.8.0_271&#039;
Driver info: org.openqa.selenium.firefox.FirefoxDriver
Capabilities {acceptInsecureCerts: true, browserName: firefox, browserVersion: 89.0, javascriptEnabled: true, moz:accessibilityChecks: false, moz:buildID: 20210527174632, moz:geckodriverVersion: 0.29.1, moz:headless: false, moz:processID: 7700, moz:profile: C:\Users\Nishant Guleri\App..., moz:shutdownTimeout: 60000, moz:useNonSpecCompliantPointerOrigin: false, moz:webdriverClick: true, pageLoadStrategy: normal, platform: WINDOWS, platformName: WINDOWS, platformVersion: 10.0, setWindowRect: true, strictFileInteractability: false, timeouts: {implicit: 0, pageLoad: 300000, script: 30000}, unhandledPromptBehavior: dismiss and notify}
Session ID: 99f0c30d-70b0-45a7-8aab-3db32a616f61
*** Element info: {Using=css selector, value=input[placeholder=&#039;First Name&#039;]11111111111111111111111111111111}">
      <![CDATA[java.lang.AssertionError: locator(FirstName_css) can't filled with value 'Sahil' as locator is NOT present on page.
 
 Error msg is :-   org.openqa.selenium.InvalidSelectorException: Given css selector expression "input[placeholder='First Name']11111111111111111111111111111111" is invalid: InvalidSelectorError: Document.querySelector: 'input[placeholder='First Name']11111111111111111111111111111111' is not a valid selector: "input[placeholder='First Name']11111111111111111111111111111111"
For documentation on this error, please visit: http://seleniumhq.org/exceptions/invalid_selector_exception.html
Build info: version: '3.14.0', revision: 'aacccce0', time: '2018-08-02T20:19:58.91Z'
System info: host: 'DESKTOP-IC0JENF', ip: '172.16.18.8', os.name: 'Windows 10', os.arch: 'amd64', os.version: '10.0', java.version: '1.8.0_271'
Driver info: org.openqa.selenium.firefox.FirefoxDriver
Capabilities {acceptInsecureCerts: true, browserName: firefox, browserVersion: 89.0, javascriptEnabled: true, moz:accessibilityChecks: false, moz:buildID: 20210527174632, moz:geckodriverVersion: 0.29.1, moz:headless: false, moz:processID: 7700, moz:profile: C:\Users\Nishant Guleri\App..., moz:shutdownTimeout: 60000, moz:useNonSpecCompliantPointerOrigin: false, moz:webdriverClick: true, pageLoadStrategy: normal, platform: WINDOWS, platformName: WINDOWS, platformVersion: 10.0, setWindowRect: true, strictFileInteractability: false, timeouts: {implicit: 0, pageLoad: 300000, script: 30000}, unhandledPromptBehavior: dismiss and notify}
Session ID: 99f0c30d-70b0-45a7-8aab-3db32a616f61
*** Element info: {Using=css selector, value=input[placeholder='First Name']11111111111111111111111111111111}
at org.testng.Assert.fail(Assert.java:97)
at com.personal.base.Locators.failmsg(Locators.java:138)
at com.personal.base.Locators.locator(Locators.java:66)
at com.personal.base.BaseClass.type(BaseClass.java:149)
at com.personal.testcases.AddCustomerTest.addMultipleCustomerTest(AddCustomerTest.java:29)
at sun.reflect.NativeMethodAccessorImpl.invoke0(Native Method)
at sun.reflect.NativeMethodAccessorImpl.invoke(NativeMethodAccessorImpl.java:62)
at sun.reflect.DelegatingMethodAccessorImpl.invoke(DelegatingMethodAccessorImpl.java:43)
at java.lang.reflect.Method.invoke(Method.java:498)
at org.testng.internal.MethodInvocationHelper.invokeMethod(MethodInvocationHelper.java:134)
at org.testng.internal.TestInvoker.invokeMethod(TestInvoker.java:597)
at org.testng.internal.TestInvoker.retryFailed(TestInvoker.java:213)
at org.testng.internal.MethodRunner.runInSequence(MethodRunner.java:58)
at org.testng.internal.TestInvoker$MethodInvocationAgent.invoke(TestInvoker.java:816)
at org.testng.internal.TestInvoker.invokeTestMethods(TestInvoker.java:146)
at org.testng.internal.TestMethodWorker.invokeTestMethods(TestMethodWorker.java:146)
at org.testng.internal.TestMethodWorker.run(TestMethodWorker.java:128)
at java.util.ArrayList.forEach(ArrayList.java:1259)
at org.testng.TestRunner.privateRun(TestRunner.java:766)
at org.testng.TestRunner.run(TestRunner.java:587)
at org.testng.SuiteRunner.runTest(SuiteRunner.java:384)
at org.testng.SuiteRunner.runSequentially(SuiteRunner.java:378)
at org.testng.SuiteRunner.privateRun(SuiteRunner.java:337)
at org.testng.SuiteRunner.run(SuiteRunner.java:286)
at org.testng.SuiteRunnerWorker.runSuite(SuiteRunnerWorker.java:53)
at org.testng.SuiteRunnerWorker.run(SuiteRunnerWorker.java:96)
at org.testng.TestNG.runSuitesSequentially(TestNG.java:1187)
at org.testng.TestNG.runSuitesLocally(TestNG.java:1109)
at org.testng.TestNG.runSuites(TestNG.java:1039)
at org.testng.TestNG.run(TestNG.java:1007)
at org.testng.remote.AbstractRemoteTestNG.run(AbstractRemoteTestNG.java:115)
at org.testng.remote.RemoteTestNG.initAndRun(RemoteTestNG.java:251)
at org.testng.remote.RemoteTestNG.main(RemoteTestNG.java:77)
]]>
    </failure>
  </testcase> <!-- addMultipleCustomerTest -->
  <system-out/>
  <testcase name="addMultipleCustomerTest" time="0.014" classname="com.personal.testcases.AddCustomerTest">
    <failure type="java.lang.AssertionError" message="locator(FirstName_css) can&#039;t filled with value &#039;No&#039; as locator is NOT present on page.
 
 Error msg is :-   org.openqa.selenium.InvalidSelectorException: Given css selector expression &quot;input[placeholder=&#039;First Name&#039;]11111111111111111111111111111111&quot; is invalid: InvalidSelectorError: Document.querySelector: &#039;input[placeholder=&#039;First Name&#039;]11111111111111111111111111111111&#039; is not a valid selector: &quot;input[placeholder=&#039;First Name&#039;]11111111111111111111111111111111&quot;
For documentation on this error, please visit: http://seleniumhq.org/exceptions/invalid_selector_exception.html
Build info: version: &#039;3.14.0&#039;, revision: &#039;aacccce0&#039;, time: &#039;2018-08-02T20:19:58.91Z&#039;
System info: host: &#039;DESKTOP-IC0JENF&#039;, ip: &#039;172.16.18.8&#039;, os.name: &#039;Windows 10&#039;, os.arch: &#039;amd64&#039;, os.version: &#039;10.0&#039;, java.version: &#039;1.8.0_271&#039;
Driver info: org.openqa.selenium.firefox.FirefoxDriver
Capabilities {acceptInsecureCerts: true, browserName: firefox, browserVersion: 89.0, javascriptEnabled: true, moz:accessibilityChecks: false, moz:buildID: 20210527174632, moz:geckodriverVersion: 0.29.1, moz:headless: false, moz:processID: 7700, moz:profile: C:\Users\Nishant Guleri\App..., moz:shutdownTimeout: 60000, moz:useNonSpecCompliantPointerOrigin: false, moz:webdriverClick: true, pageLoadStrategy: normal, platform: WINDOWS, platformName: WINDOWS, platformVersion: 10.0, setWindowRect: true, strictFileInteractability: false, timeouts: {implicit: 0, pageLoad: 300000, script: 30000}, unhandledPromptBehavior: dismiss and notify}
Session ID: 99f0c30d-70b0-45a7-8aab-3db32a616f61
*** Element info: {Using=css selector, value=input[placeholder=&#039;First Name&#039;]11111111111111111111111111111111}">
      <![CDATA[java.lang.AssertionError: locator(FirstName_css) can't filled with value 'No' as locator is NOT present on page.
 
 Error msg is :-   org.openqa.selenium.InvalidSelectorException: Given css selector expression "input[placeholder='First Name']11111111111111111111111111111111" is invalid: InvalidSelectorError: Document.querySelector: 'input[placeholder='First Name']11111111111111111111111111111111' is not a valid selector: "input[placeholder='First Name']11111111111111111111111111111111"
For documentation on this error, please visit: http://seleniumhq.org/exceptions/invalid_selector_exception.html
Build info: version: '3.14.0', revision: 'aacccce0', time: '2018-08-02T20:19:58.91Z'
System info: host: 'DESKTOP-IC0JENF', ip: '172.16.18.8', os.name: 'Windows 10', os.arch: 'amd64', os.version: '10.0', java.version: '1.8.0_271'
Driver info: org.openqa.selenium.firefox.FirefoxDriver
Capabilities {acceptInsecureCerts: true, browserName: firefox, browserVersion: 89.0, javascriptEnabled: true, moz:accessibilityChecks: false, moz:buildID: 20210527174632, moz:geckodriverVersion: 0.29.1, moz:headless: false, moz:processID: 7700, moz:profile: C:\Users\Nishant Guleri\App..., moz:shutdownTimeout: 60000, moz:useNonSpecCompliantPointerOrigin: false, moz:webdriverClick: true, pageLoadStrategy: normal, platform: WINDOWS, platformName: WINDOWS, platformVersion: 10.0, setWindowRect: true, strictFileInteractability: false, timeouts: {implicit: 0, pageLoad: 300000, script: 30000}, unhandledPromptBehavior: dismiss and notify}
Session ID: 99f0c30d-70b0-45a7-8aab-3db32a616f61
*** Element info: {Using=css selector, value=input[placeholder='First Name']11111111111111111111111111111111}
at org.testng.Assert.fail(Assert.java:97)
at com.personal.base.Locators.failmsg(Locators.java:138)
at com.personal.base.Locators.locator(Locators.java:66)
at com.personal.base.BaseClass.type(BaseClass.java:149)
at com.personal.testcases.AddCustomerTest.addMultipleCustomerTest(AddCustomerTest.java:29)
at sun.reflect.NativeMethodAccessorImpl.invoke0(Native Method)
at sun.reflect.NativeMethodAccessorImpl.invoke(NativeMethodAccessorImpl.java:62)
at sun.reflect.DelegatingMethodAccessorImpl.invoke(DelegatingMethodAccessorImpl.java:43)
at java.lang.reflect.Method.invoke(Method.java:498)
at org.testng.internal.MethodInvocationHelper.invokeMethod(MethodInvocationHelper.java:134)
at org.testng.internal.TestInvoker.invokeMethod(TestInvoker.java:597)
at org.testng.internal.TestInvoker.retryFailed(TestInvoker.java:213)
at org.testng.internal.MethodRunner.runInSequence(MethodRunner.java:58)
at org.testng.internal.TestInvoker$MethodInvocationAgent.invoke(TestInvoker.java:816)
at org.testng.internal.TestInvoker.invokeTestMethods(TestInvoker.java:146)
at org.testng.internal.TestMethodWorker.invokeTestMethods(TestMethodWorker.java:146)
at org.testng.internal.TestMethodWorker.run(TestMethodWorker.java:128)
at java.util.ArrayList.forEach(ArrayList.java:1259)
at org.testng.TestRunner.privateRun(TestRunner.java:766)
at org.testng.TestRunner.run(TestRunner.java:587)
at org.testng.SuiteRunner.runTest(SuiteRunner.java:384)
at org.testng.SuiteRunner.runSequentially(SuiteRunner.java:378)
at org.testng.SuiteRunner.privateRun(SuiteRunner.java:337)
at org.testng.SuiteRunner.run(SuiteRunner.java:286)
at org.testng.SuiteRunnerWorker.runSuite(SuiteRunnerWorker.java:53)
at org.testng.SuiteRunnerWorker.run(SuiteRunnerWorker.java:96)
at org.testng.TestNG.runSuitesSequentially(TestNG.java:1187)
at org.testng.TestNG.runSuitesLocally(TestNG.java:1109)
at org.testng.TestNG.runSuites(TestNG.java:1039)
at org.testng.TestNG.run(TestNG.java:1007)
at org.testng.remote.AbstractRemoteTestNG.run(AbstractRemoteTestNG.java:115)
at org.testng.remote.RemoteTestNG.initAndRun(RemoteTestNG.java:251)
at org.testng.remote.RemoteTestNG.main(RemoteTestNG.java:77)
]]>
    </failure>
  </testcase> <!-- addMultipleCustomerTest -->
  <system-out/>
</testsuite> <!-- com.personal.testcases.AddCustomerTest -->
