<?xml version="1.0" encoding="UTF-8"?>
<!-- Generated by org.testng.reporters.JUnitReportReporter -->
<testsuite skipped="0" hostname="DESKTOP-IC0JENF" name="com.personal.testcases.AddCustomer" tests="2" failures="0" timestamp="27 May 2021 01:28:04 GMT" time="0.739" errors="0">
  <testcase name="loginAsmanager" time="0.730" classname="com.personal.testcases.AddCustomer"/>
  <testcase name="AddMultipleCustomer" time="0.009" classname="com.personal.testcases.AddCustomer"/>
</testsuite> <!-- com.personal.testcases.AddCustomer -->
