<?xml version="1.0" encoding="UTF-8"?>
<!-- Generated by org.testng.reporters.JUnitReportReporter -->
<testsuite skipped="0" hostname="DESKTOP-IC0JENF" name="com.personal.testcases.AddCustomer" tests="1" failures="0" timestamp="26 May 2021 09:03:26 GMT" time="1.989" errors="0">
  <testcase name="loginAsmanager" time="1.989" classname="com.personal.testcases.AddCustomer"/>
</testsuite> <!-- com.personal.testcases.AddCustomer -->
