<?xml version="1.0" encoding="UTF-8"?>
<!-- Generated by org.testng.reporters.JUnitReportReporter -->
<testsuite skipped="0" hostname="DESKTOP-IC0JENF" name="com.personal.testcases.AddCustomerTest" tests="4" failures="0" timestamp="2021-05-31T14:16:04 IST" time="1.499" errors="0">
  <testcase name="loginAsmanagerTest" time="1.117" classname="com.personal.testcases.AddCustomerTest"/>
  <system-out/>
  <testcase name="addMultipleCustomerTest" time="0.096" classname="com.personal.testcases.AddCustomerTest"/>
  <system-out/>
  <testcase name="addMultipleCustomerTest" time="0.164" classname="com.personal.testcases.AddCustomerTest"/>
  <system-out/>
  <testcase name="addMultipleCustomerTest" time="0.122" classname="com.personal.testcases.AddCustomerTest"/>
  <system-out/>
</testsuite> <!-- com.personal.testcases.AddCustomerTest -->
