<?xml version="1.0" encoding="UTF-8"?>
<!-- Generated by org.testng.reporters.JUnitReportReporter -->
<testsuite skipped="1" hostname="DESKTOP-IC0JENF" name="com.personal.testcases.Rough" tests="1" failures="0" timestamp="2021-06-10T19:32:54 IST" time="0.000" errors="0">
  <testcase name="roug" time="0.000" classname="com.personal.testcases.Rough">
    <skipped/>
  </testcase> <!-- roug -->
  <system-out/>
</testsuite> <!-- com.personal.testcases.Rough -->
