<?xml version="1.0" encoding="UTF-8"?>
<!-- Generated by org.testng.reporters.JUnitReportReporter -->
<testsuite skipped="0" hostname="DESKTOP-IC0JENF" name="com.personal.testcases.AddCustomerTest" tests="8" failures="0" timestamp="2021-06-11T16:46:37 IST" time="3.690" errors="0">
  <testcase name="addMultipleCustomerTest" time="0.752" classname="com.personal.testcases.AddCustomerTest"/>
  <system-out/>
  <testcase name="addMultipleCustomerTest" time="0.359" classname="com.personal.testcases.AddCustomerTest"/>
  <system-out/>
  <testcase name="loginAsmanagerTest" time="0.523" classname="com.personal.testcases.AddCustomerTest"/>
  <system-out/>
  <testcase name="addMultipleCustomerTest" time="0.609" classname="com.personal.testcases.AddCustomerTest"/>
  <system-out/>
  <testcase name="addMultipleCustomerTest" time="0.363" classname="com.personal.testcases.AddCustomerTest"/>
  <system-out/>
  <testcase name="loginAsmanagerTest" time="0.353" classname="com.personal.testcases.AddCustomerTest"/>
  <system-out/>
  <testcase name="addMultipleCustomerTest" time="0.366" classname="com.personal.testcases.AddCustomerTest"/>
  <system-out/>
  <testcase name="addMultipleCustomerTest" time="0.365" classname="com.personal.testcases.AddCustomerTest"/>
  <system-out/>
</testsuite> <!-- com.personal.testcases.AddCustomerTest -->
