<?xml version="1.0" encoding="UTF-8"?>
<!-- Generated by org.testng.reporters.JUnitReportReporter -->
<testsuite skipped="0" hostname="DESKTOP-IC0JENF" name="com.personal.testcases.AddCustomerTest" tests="4" failures="0" timestamp="2021-06-06T20:47:21 IST" time="4.448" errors="0">
  <testcase name="loginAsmanagerTest" time="1.639" classname="com.personal.testcases.AddCustomerTest"/>
  <system-out/>
  <testcase name="addMultipleCustomerTest" time="1.352" classname="com.personal.testcases.AddCustomerTest"/>
  <system-out/>
  <testcase name="addMultipleCustomerTest" time="0.349" classname="com.personal.testcases.AddCustomerTest"/>
  <system-out/>
  <testcase name="addMultipleCustomerTest" time="1.108" classname="com.personal.testcases.AddCustomerTest"/>
  <system-out/>
</testsuite> <!-- com.personal.testcases.AddCustomerTest -->
