<?xml version="1.0" encoding="UTF-8"?>
<!-- Generated by org.testng.reporters.JUnitReportReporter -->
<testsuite skipped="0" hostname="DESKTOP-IC0JENF" name="com.personal.testcases.AddCustomerTest" tests="4" failures="0" timestamp="2021-06-11T22:26:23 IST" time="2.125" errors="0">
  <testcase name="loginAsmanagerTest" time="0.507" classname="com.personal.testcases.AddCustomerTest"/>
  <system-out/>
  <testcase name="addMultipleCustomerTest" time="0.565" classname="com.personal.testcases.AddCustomerTest"/>
  <system-out/>
  <testcase name="addMultipleCustomerTest" time="0.432" classname="com.personal.testcases.AddCustomerTest"/>
  <system-out/>
  <testcase name="addMultipleCustomerTest" time="0.621" classname="com.personal.testcases.AddCustomerTest"/>
  <system-out/>
</testsuite> <!-- com.personal.testcases.AddCustomerTest -->
