<?xml version="1.0" encoding="UTF-8"?>
<!-- Generated by org.testng.reporters.JUnitReportReporter -->
<testsuite skipped="0" hostname="DESKTOP-IC0JENF" name="com.personal.testcases.CustomerLoginTest" tests="1" failures="0" timestamp="2021-06-06T20:47:21 IST" time="1.306" errors="0">
  <testcase name="CustomerLoginMethod" time="1.306" classname="com.personal.testcases.CustomerLoginTest"/>
  <system-out/>
</testsuite> <!-- com.personal.testcases.CustomerLoginTest -->
