<?xml version="1.0" encoding="UTF-8"?>
<!-- Generated by org.testng.reporters.JUnitReportReporter -->
<testsuite hostname="DESKTOP-IC0JENF" failures="0" tests="1" name="com.personal.rough.RoughWork" time="1.610" errors="0" timestamp="26 May 2021 04:12:47 GMT" skipped="0">
  <testcase classname="com.personal.rough.RoughWork" name="method1" time="1.610"/>
</testsuite> <!-- com.personal.rough.RoughWork -->
