<?xml version="1.0" encoding="UTF-8"?>
<!-- Generated by org.testng.reporters.JUnitReportReporter -->
<testsuite skipped="0" hostname="DESKTOP-IC0JENF" name="com.personal.testcases.AddCustomer" tests="1" failures="0" timestamp="29 May 2021 04:00:48 GMT" time="1.099" errors="0">
  <testcase name="loginAsmanagerTest" time="1.099" classname="com.personal.testcases.AddCustomer"/>
</testsuite> <!-- com.personal.testcases.AddCustomer -->
