<?xml version="1.0" encoding="UTF-8"?>
<!-- Generated by org.testng.reporters.JUnitReportReporter -->
<testsuite skipped="0" hostname="DESKTOP-IC0JENF" name="com.personal.testcases.AddCustomerTest" tests="4" failures="0" timestamp="2021-06-10T19:32:54 IST" time="1.907" errors="0">
  <testcase name="addMultipleCustomerTest" time="0.537" classname="com.personal.testcases.AddCustomerTest"/>
  <system-out/>
  <testcase name="addMultipleCustomerTest" time="0.517" classname="com.personal.testcases.AddCustomerTest"/>
  <system-out/>
  <testcase name="addMultipleCustomerTest" time="0.393" classname="com.personal.testcases.AddCustomerTest"/>
  <system-out/>
  <testcase name="loginAsmanagerTest" time="0.460" classname="com.personal.testcases.AddCustomerTest"/>
  <system-out/>
</testsuite> <!-- com.personal.testcases.AddCustomerTest -->
