<?xml version="1.0" encoding="UTF-8"?>
<!-- Generated by org.testng.reporters.JUnitReportReporter -->
<testsuite skipped="0" hostname="DESKTOP-IC0JENF" name="com.personal.testcases.AddCustomer" tests="4" failures="0" timestamp="27 May 2021 12:11:34 GMT" time="16.766" errors="0">
  <testcase name="addMultipleCustomerTest" time="4.127" classname="com.personal.testcases.AddCustomer"/>
  <testcase name="addMultipleCustomerTest" time="4.191" classname="com.personal.testcases.AddCustomer"/>
  <testcase name="loginAsmanagerTest" time="4.291" classname="com.personal.testcases.AddCustomer"/>
  <testcase name="addMultipleCustomerTest" time="4.157" classname="com.personal.testcases.AddCustomer"/>
</testsuite> <!-- com.personal.testcases.AddCustomer -->
